{
  "numFailedTestSuites": 1,
  "numFailedTests": 10,
  "numPassedTestSuites": 8,
  "numPassedTests": 54,
  "numPendingTestSuites": 0,
  "numPendingTests": 0,
  "numRuntimeErrorTestSuites": 0,
  "numTodoTests": 0,
  "numTotalTestSuites": 9,
  "numTotalTests": 64,
  "openHandles": [],
  "snapshot": {
    "added": 0,
    "didUpdate": false,
    "failure": false,
    "filesAdded": 0,
    "filesRemoved": 0,
    "filesRemovedList": [],
    "filesUnmatched": 0,
    "filesUpdated": 0,
    "matched": 0,
    "total": 0,
    "unchecked": 0,
    "uncheckedKeysByFile": [],
    "unmatched": 0,
    "updated": 0
  },
  "startTime": 1757376306590,
  "success": false,
  "testResults": [
    {
      "assertionResults": [
        {
          "ancestorTitles": ["usePerformance"],
          "duration": 106,
          "failureDetails": [{}],
          "failureMessages": [
            "TypeError: Cannot read properties of undefined (reading 'VITE_ENVIRONMENT')\n    at /home/xteme/projetos/Xperience/src/hooks/usePerformance.ts:18:13\n    at commitHookEffectListMount (/home/xteme/projetos/Xperience/node_modules/react-dom/cjs/react-dom.development.js:23189:26)\n    at commitPassiveMountOnFiber (/home/xteme/projetos/Xperience/node_modules/react-dom/cjs/react-dom.development.js:24970:11)\n    at commitPassiveMountEffects_complete (/home/xteme/projetos/Xperience/node_modules/react-dom/cjs/react-dom.development.js:24930:9)\n    at commitPassiveMountEffects_begin (/home/xteme/projetos/Xperience/node_modules/react-dom/cjs/react-dom.development.js:24917:7)\n    at commitPassiveMountEffects (/home/xteme/projetos/Xperience/node_modules/react-dom/cjs/react-dom.development.js:24905:3)\n    at flushPassiveEffectsImpl (/home/xteme/projetos/Xperience/node_modules/react-dom/cjs/react-dom.development.js:27078:3)\n    at flushPassiveEffects (/home/xteme/projetos/Xperience/node_modules/react-dom/cjs/react-dom.development.js:27023:14)\n    at /home/xteme/projetos/Xperience/node_modules/react-dom/cjs/react-dom.development.js:26808:9\n    at flushActQueue (/home/xteme/projetos/Xperience/node_modules/react/cjs/react.development.js:2667:24)\n    at act (/home/xteme/projetos/Xperience/node_modules/react/cjs/react.development.js:2582:11)\n    at /home/xteme/projetos/Xperience/node_modules/@testing-library/react/dist/act-compat.js:47:25\n    at renderRoot (/home/xteme/projetos/Xperience/node_modules/@testing-library/react/dist/pure.js:190:26)\n    at render (/home/xteme/projetos/Xperience/node_modules/@testing-library/react/dist/pure.js:292:10)\n    at renderHook (/home/xteme/projetos/Xperience/node_modules/@testing-library/react/dist/pure.js:340:7)\n    at Object.<anonymous> (/home/xteme/projetos/Xperience/src/__tests__/hooks/usePerformance.test.tsx:98:34)\n    at Promise.then.completed (/home/xteme/projetos/Xperience/node_modules/jest-circus/build/utils.js:298:28)\n    at new Promise (<anonymous>)\n    at callAsyncCircusFn (/home/xteme/projetos/Xperience/node_modules/jest-circus/build/utils.js:231:10)\n    at _callCircusTest (/home/xteme/projetos/Xperience/node_modules/jest-circus/build/run.js:316:40)\n    at _runTest (/home/xteme/projetos/Xperience/node_modules/jest-circus/build/run.js:252:3)\n    at _runTestsForDescribeBlock (/home/xteme/projetos/Xperience/node_modules/jest-circus/build/run.js:126:9)\n    at _runTestsForDescribeBlock (/home/xteme/projetos/Xperience/node_modules/jest-circus/build/run.js:121:9)\n    at run (/home/xteme/projetos/Xperience/node_modules/jest-circus/build/run.js:71:3)\n    at runAndTransformResultsToJestFormat (/home/xteme/projetos/Xperience/node_modules/jest-circus/build/legacy-code-todo-rewrite/jestAdapterInit.js:122:21)\n    at jestAdapter (/home/xteme/projetos/Xperience/node_modules/jest-circus/build/legacy-code-todo-rewrite/jestAdapter.js:79:19)\n    at runTestInternal (/home/xteme/projetos/Xperience/node_modules/jest-runner/build/runTest.js:367:16)\n    at runTest (/home/xteme/projetos/Xperience/node_modules/jest-runner/build/runTest.js:444:34)"
          ],
          "fullName": "usePerformance should initialize with empty metrics",
          "invocations": 1,
          "location": null,
          "numPassingAsserts": 0,
          "retryReasons": [],
          "status": "failed",
          "title": "should initialize with empty metrics"
        },
        {
          "ancestorTitles": ["usePerformance"],
          "duration": 31,
          "failureDetails": [{}],
          "failureMessages": [
            "TypeError: Cannot read properties of undefined (reading 'VITE_ENVIRONMENT')\n    at /home/xteme/projetos/Xperience/src/hooks/usePerformance.ts:18:13\n    at commitHookEffectListMount (/home/xteme/projetos/Xperience/node_modules/react-dom/cjs/react-dom.development.js:23189:26)\n    at commitPassiveMountOnFiber (/home/xteme/projetos/Xperience/node_modules/react-dom/cjs/react-dom.development.js:24970:11)\n    at commitPassiveMountEffects_complete (/home/xteme/projetos/Xperience/node_modules/react-dom/cjs/react-dom.development.js:24930:9)\n    at commitPassiveMountEffects_begin (/home/xteme/projetos/Xperience/node_modules/react-dom/cjs/react-dom.development.js:24917:7)\n    at commitPassiveMountEffects (/home/xteme/projetos/Xperience/node_modules/react-dom/cjs/react-dom.development.js:24905:3)\n    at flushPassiveEffectsImpl (/home/xteme/projetos/Xperience/node_modules/react-dom/cjs/react-dom.development.js:27078:3)\n    at flushPassiveEffects (/home/xteme/projetos/Xperience/node_modules/react-dom/cjs/react-dom.development.js:27023:14)\n    at /home/xteme/projetos/Xperience/node_modules/react-dom/cjs/react-dom.development.js:26808:9\n    at flushActQueue (/home/xteme/projetos/Xperience/node_modules/react/cjs/react.development.js:2667:24)\n    at act (/home/xteme/projetos/Xperience/node_modules/react/cjs/react.development.js:2582:11)\n    at /home/xteme/projetos/Xperience/node_modules/@testing-library/react/dist/act-compat.js:47:25\n    at renderRoot (/home/xteme/projetos/Xperience/node_modules/@testing-library/react/dist/pure.js:190:26)\n    at render (/home/xteme/projetos/Xperience/node_modules/@testing-library/react/dist/pure.js:292:10)\n    at renderHook (/home/xteme/projetos/Xperience/node_modules/@testing-library/react/dist/pure.js:340:7)\n    at Object.<anonymous> (/home/xteme/projetos/Xperience/src/__tests__/hooks/usePerformance.test.tsx:107:34)\n    at Promise.then.completed (/home/xteme/projetos/Xperience/node_modules/jest-circus/build/utils.js:298:28)\n    at new Promise (<anonymous>)\n    at callAsyncCircusFn (/home/xteme/projetos/Xperience/node_modules/jest-circus/build/utils.js:231:10)\n    at _callCircusTest (/home/xteme/projetos/Xperience/node_modules/jest-circus/build/run.js:316:40)\n    at _runTest (/home/xteme/projetos/Xperience/node_modules/jest-circus/build/run.js:252:3)\n    at _runTestsForDescribeBlock (/home/xteme/projetos/Xperience/node_modules/jest-circus/build/run.js:126:9)\n    at _runTestsForDescribeBlock (/home/xteme/projetos/Xperience/node_modules/jest-circus/build/run.js:121:9)\n    at run (/home/xteme/projetos/Xperience/node_modules/jest-circus/build/run.js:71:3)\n    at runAndTransformResultsToJestFormat (/home/xteme/projetos/Xperience/node_modules/jest-circus/build/legacy-code-todo-rewrite/jestAdapterInit.js:122:21)\n    at jestAdapter (/home/xteme/projetos/Xperience/node_modules/jest-circus/build/legacy-code-todo-rewrite/jestAdapter.js:79:19)\n    at runTestInternal (/home/xteme/projetos/Xperience/node_modules/jest-runner/build/runTest.js:367:16)\n    at runTest (/home/xteme/projetos/Xperience/node_modules/jest-runner/build/runTest.js:444:34)"
          ],
          "fullName": "usePerformance should not track metrics when performance monitoring is disabled",
          "invocations": 1,
          "location": null,
          "numPassingAsserts": 0,
          "retryReasons": [],
          "status": "failed",
          "title": "should not track metrics when performance monitoring is disabled"
        },
        {
          "ancestorTitles": ["usePerformance"],
          "duration": 30,
          "failureDetails": [{}],
          "failureMessages": [
            "TypeError: Cannot read properties of undefined (reading 'VITE_ENVIRONMENT')\n    at /home/xteme/projetos/Xperience/src/hooks/usePerformance.ts:18:13\n    at commitHookEffectListMount (/home/xteme/projetos/Xperience/node_modules/react-dom/cjs/react-dom.development.js:23189:26)\n    at commitPassiveMountOnFiber (/home/xteme/projetos/Xperience/node_modules/react-dom/cjs/react-dom.development.js:24970:11)\n    at commitPassiveMountEffects_complete (/home/xteme/projetos/Xperience/node_modules/react-dom/cjs/react-dom.development.js:24930:9)\n    at commitPassiveMountEffects_begin (/home/xteme/projetos/Xperience/node_modules/react-dom/cjs/react-dom.development.js:24917:7)\n    at commitPassiveMountEffects (/home/xteme/projetos/Xperience/node_modules/react-dom/cjs/react-dom.development.js:24905:3)\n    at flushPassiveEffectsImpl (/home/xteme/projetos/Xperience/node_modules/react-dom/cjs/react-dom.development.js:27078:3)\n    at flushPassiveEffects (/home/xteme/projetos/Xperience/node_modules/react-dom/cjs/react-dom.development.js:27023:14)\n    at /home/xteme/projetos/Xperience/node_modules/react-dom/cjs/react-dom.development.js:26808:9\n    at flushActQueue (/home/xteme/projetos/Xperience/node_modules/react/cjs/react.development.js:2667:24)\n    at act (/home/xteme/projetos/Xperience/node_modules/react/cjs/react.development.js:2582:11)\n    at /home/xteme/projetos/Xperience/node_modules/@testing-library/react/dist/act-compat.js:47:25\n    at renderRoot (/home/xteme/projetos/Xperience/node_modules/@testing-library/react/dist/pure.js:190:26)\n    at render (/home/xteme/projetos/Xperience/node_modules/@testing-library/react/dist/pure.js:292:10)\n    at renderHook (/home/xteme/projetos/Xperience/node_modules/@testing-library/react/dist/pure.js:340:7)\n    at Object.<anonymous> (/home/xteme/projetos/Xperience/src/__tests__/hooks/usePerformance.test.tsx:114:34)\n    at Promise.then.completed (/home/xteme/projetos/Xperience/node_modules/jest-circus/build/utils.js:298:28)\n    at new Promise (<anonymous>)\n    at callAsyncCircusFn (/home/xteme/projetos/Xperience/node_modules/jest-circus/build/utils.js:231:10)\n    at _callCircusTest (/home/xteme/projetos/Xperience/node_modules/jest-circus/build/run.js:316:40)\n    at _runTest (/home/xteme/projetos/Xperience/node_modules/jest-circus/build/run.js:252:3)\n    at _runTestsForDescribeBlock (/home/xteme/projetos/Xperience/node_modules/jest-circus/build/run.js:126:9)\n    at _runTestsForDescribeBlock (/home/xteme/projetos/Xperience/node_modules/jest-circus/build/run.js:121:9)\n    at run (/home/xteme/projetos/Xperience/node_modules/jest-circus/build/run.js:71:3)\n    at runAndTransformResultsToJestFormat (/home/xteme/projetos/Xperience/node_modules/jest-circus/build/legacy-code-todo-rewrite/jestAdapterInit.js:122:21)\n    at jestAdapter (/home/xteme/projetos/Xperience/node_modules/jest-circus/build/legacy-code-todo-rewrite/jestAdapter.js:79:19)\n    at runTestInternal (/home/xteme/projetos/Xperience/node_modules/jest-runner/build/runTest.js:367:16)\n    at runTest (/home/xteme/projetos/Xperience/node_modules/jest-runner/build/runTest.js:444:34)"
          ],
          "fullName": "usePerformance should track LCP metric",
          "invocations": 1,
          "location": null,
          "numPassingAsserts": 0,
          "retryReasons": [],
          "status": "failed",
          "title": "should track LCP metric"
        },
        {
          "ancestorTitles": ["usePerformance"],
          "duration": 24,
          "failureDetails": [{}],
          "failureMessages": [
            "TypeError: Cannot read properties of undefined (reading 'VITE_ENVIRONMENT')\n    at /home/xteme/projetos/Xperience/src/hooks/usePerformance.ts:18:13\n    at commitHookEffectListMount (/home/xteme/projetos/Xperience/node_modules/react-dom/cjs/react-dom.development.js:23189:26)\n    at commitPassiveMountOnFiber (/home/xteme/projetos/Xperience/node_modules/react-dom/cjs/react-dom.development.js:24970:11)\n    at commitPassiveMountEffects_complete (/home/xteme/projetos/Xperience/node_modules/react-dom/cjs/react-dom.development.js:24930:9)\n    at commitPassiveMountEffects_begin (/home/xteme/projetos/Xperience/node_modules/react-dom/cjs/react-dom.development.js:24917:7)\n    at commitPassiveMountEffects (/home/xteme/projetos/Xperience/node_modules/react-dom/cjs/react-dom.development.js:24905:3)\n    at flushPassiveEffectsImpl (/home/xteme/projetos/Xperience/node_modules/react-dom/cjs/react-dom.development.js:27078:3)\n    at flushPassiveEffects (/home/xteme/projetos/Xperience/node_modules/react-dom/cjs/react-dom.development.js:27023:14)\n    at /home/xteme/projetos/Xperience/node_modules/react-dom/cjs/react-dom.development.js:26808:9\n    at flushActQueue (/home/xteme/projetos/Xperience/node_modules/react/cjs/react.development.js:2667:24)\n    at act (/home/xteme/projetos/Xperience/node_modules/react/cjs/react.development.js:2582:11)\n    at /home/xteme/projetos/Xperience/node_modules/@testing-library/react/dist/act-compat.js:47:25\n    at renderRoot (/home/xteme/projetos/Xperience/node_modules/@testing-library/react/dist/pure.js:190:26)\n    at render (/home/xteme/projetos/Xperience/node_modules/@testing-library/react/dist/pure.js:292:10)\n    at renderHook (/home/xteme/projetos/Xperience/node_modules/@testing-library/react/dist/pure.js:340:7)\n    at Object.<anonymous> (/home/xteme/projetos/Xperience/src/__tests__/hooks/usePerformance.test.tsx:136:34)\n    at Promise.then.completed (/home/xteme/projetos/Xperience/node_modules/jest-circus/build/utils.js:298:28)\n    at new Promise (<anonymous>)\n    at callAsyncCircusFn (/home/xteme/projetos/Xperience/node_modules/jest-circus/build/utils.js:231:10)\n    at _callCircusTest (/home/xteme/projetos/Xperience/node_modules/jest-circus/build/run.js:316:40)\n    at _runTest (/home/xteme/projetos/Xperience/node_modules/jest-circus/build/run.js:252:3)\n    at _runTestsForDescribeBlock (/home/xteme/projetos/Xperience/node_modules/jest-circus/build/run.js:126:9)\n    at _runTestsForDescribeBlock (/home/xteme/projetos/Xperience/node_modules/jest-circus/build/run.js:121:9)\n    at run (/home/xteme/projetos/Xperience/node_modules/jest-circus/build/run.js:71:3)\n    at runAndTransformResultsToJestFormat (/home/xteme/projetos/Xperience/node_modules/jest-circus/build/legacy-code-todo-rewrite/jestAdapterInit.js:122:21)\n    at jestAdapter (/home/xteme/projetos/Xperience/node_modules/jest-circus/build/legacy-code-todo-rewrite/jestAdapter.js:79:19)\n    at runTestInternal (/home/xteme/projetos/Xperience/node_modules/jest-runner/build/runTest.js:367:16)\n    at runTest (/home/xteme/projetos/Xperience/node_modules/jest-runner/build/runTest.js:444:34)"
          ],
          "fullName": "usePerformance should track FID metric",
          "invocations": 1,
          "location": null,
          "numPassingAsserts": 0,
          "retryReasons": [],
          "status": "failed",
          "title": "should track FID metric"
        },
        {
          "ancestorTitles": ["usePerformance"],
          "duration": 31,
          "failureDetails": [{}],
          "failureMessages": [
            "TypeError: Cannot read properties of undefined (reading 'VITE_ENVIRONMENT')\n    at /home/xteme/projetos/Xperience/src/hooks/usePerformance.ts:18:13\n    at commitHookEffectListMount (/home/xteme/projetos/Xperience/node_modules/react-dom/cjs/react-dom.development.js:23189:26)\n    at commitPassiveMountOnFiber (/home/xteme/projetos/Xperience/node_modules/react-dom/cjs/react-dom.development.js:24970:11)\n    at commitPassiveMountEffects_complete (/home/xteme/projetos/Xperience/node_modules/react-dom/cjs/react-dom.development.js:24930:9)\n    at commitPassiveMountEffects_begin (/home/xteme/projetos/Xperience/node_modules/react-dom/cjs/react-dom.development.js:24917:7)\n    at commitPassiveMountEffects (/home/xteme/projetos/Xperience/node_modules/react-dom/cjs/react-dom.development.js:24905:3)\n    at flushPassiveEffectsImpl (/home/xteme/projetos/Xperience/node_modules/react-dom/cjs/react-dom.development.js:27078:3)\n    at flushPassiveEffects (/home/xteme/projetos/Xperience/node_modules/react-dom/cjs/react-dom.development.js:27023:14)\n    at /home/xteme/projetos/Xperience/node_modules/react-dom/cjs/react-dom.development.js:26808:9\n    at flushActQueue (/home/xteme/projetos/Xperience/node_modules/react/cjs/react.development.js:2667:24)\n    at act (/home/xteme/projetos/Xperience/node_modules/react/cjs/react.development.js:2582:11)\n    at /home/xteme/projetos/Xperience/node_modules/@testing-library/react/dist/act-compat.js:47:25\n    at renderRoot (/home/xteme/projetos/Xperience/node_modules/@testing-library/react/dist/pure.js:190:26)\n    at render (/home/xteme/projetos/Xperience/node_modules/@testing-library/react/dist/pure.js:292:10)\n    at renderHook (/home/xteme/projetos/Xperience/node_modules/@testing-library/react/dist/pure.js:340:7)\n    at Object.<anonymous> (/home/xteme/projetos/Xperience/src/__tests__/hooks/usePerformance.test.tsx:159:34)\n    at Promise.then.completed (/home/xteme/projetos/Xperience/node_modules/jest-circus/build/utils.js:298:28)\n    at new Promise (<anonymous>)\n    at callAsyncCircusFn (/home/xteme/projetos/Xperience/node_modules/jest-circus/build/utils.js:231:10)\n    at _callCircusTest (/home/xteme/projetos/Xperience/node_modules/jest-circus/build/run.js:316:40)\n    at _runTest (/home/xteme/projetos/Xperience/node_modules/jest-circus/build/run.js:252:3)\n    at _runTestsForDescribeBlock (/home/xteme/projetos/Xperience/node_modules/jest-circus/build/run.js:126:9)\n    at _runTestsForDescribeBlock (/home/xteme/projetos/Xperience/node_modules/jest-circus/build/run.js:121:9)\n    at run (/home/xteme/projetos/Xperience/node_modules/jest-circus/build/run.js:71:3)\n    at runAndTransformResultsToJestFormat (/home/xteme/projetos/Xperience/node_modules/jest-circus/build/legacy-code-todo-rewrite/jestAdapterInit.js:122:21)\n    at jestAdapter (/home/xteme/projetos/Xperience/node_modules/jest-circus/build/legacy-code-todo-rewrite/jestAdapter.js:79:19)\n    at runTestInternal (/home/xteme/projetos/Xperience/node_modules/jest-runner/build/runTest.js:367:16)\n    at runTest (/home/xteme/projetos/Xperience/node_modules/jest-runner/build/runTest.js:444:34)"
          ],
          "fullName": "usePerformance should track CLS metric",
          "invocations": 1,
          "location": null,
          "numPassingAsserts": 0,
          "retryReasons": [],
          "status": "failed",
          "title": "should track CLS metric"
        },
        {
          "ancestorTitles": ["usePerformance"],
          "duration": 19,
          "failureDetails": [{}],
          "failureMessages": [
            "TypeError: Cannot read properties of undefined (reading 'VITE_ENVIRONMENT')\n    at /home/xteme/projetos/Xperience/src/hooks/usePerformance.ts:18:13\n    at commitHookEffectListMount (/home/xteme/projetos/Xperience/node_modules/react-dom/cjs/react-dom.development.js:23189:26)\n    at commitPassiveMountOnFiber (/home/xteme/projetos/Xperience/node_modules/react-dom/cjs/react-dom.development.js:24970:11)\n    at commitPassiveMountEffects_complete (/home/xteme/projetos/Xperience/node_modules/react-dom/cjs/react-dom.development.js:24930:9)\n    at commitPassiveMountEffects_begin (/home/xteme/projetos/Xperience/node_modules/react-dom/cjs/react-dom.development.js:24917:7)\n    at commitPassiveMountEffects (/home/xteme/projetos/Xperience/node_modules/react-dom/cjs/react-dom.development.js:24905:3)\n    at flushPassiveEffectsImpl (/home/xteme/projetos/Xperience/node_modules/react-dom/cjs/react-dom.development.js:27078:3)\n    at flushPassiveEffects (/home/xteme/projetos/Xperience/node_modules/react-dom/cjs/react-dom.development.js:27023:14)\n    at /home/xteme/projetos/Xperience/node_modules/react-dom/cjs/react-dom.development.js:26808:9\n    at flushActQueue (/home/xteme/projetos/Xperience/node_modules/react/cjs/react.development.js:2667:24)\n    at act (/home/xteme/projetos/Xperience/node_modules/react/cjs/react.development.js:2582:11)\n    at /home/xteme/projetos/Xperience/node_modules/@testing-library/react/dist/act-compat.js:47:25\n    at renderRoot (/home/xteme/projetos/Xperience/node_modules/@testing-library/react/dist/pure.js:190:26)\n    at render (/home/xteme/projetos/Xperience/node_modules/@testing-library/react/dist/pure.js:292:10)\n    at renderHook (/home/xteme/projetos/Xperience/node_modules/@testing-library/react/dist/pure.js:340:7)\n    at Object.<anonymous> (/home/xteme/projetos/Xperience/src/__tests__/hooks/usePerformance.test.tsx:194:34)\n    at Promise.then.completed (/home/xteme/projetos/Xperience/node_modules/jest-circus/build/utils.js:298:28)\n    at new Promise (<anonymous>)\n    at callAsyncCircusFn (/home/xteme/projetos/Xperience/node_modules/jest-circus/build/utils.js:231:10)\n    at _callCircusTest (/home/xteme/projetos/Xperience/node_modules/jest-circus/build/run.js:316:40)\n    at _runTest (/home/xteme/projetos/Xperience/node_modules/jest-circus/build/run.js:252:3)\n    at _runTestsForDescribeBlock (/home/xteme/projetos/Xperience/node_modules/jest-circus/build/run.js:126:9)\n    at _runTestsForDescribeBlock (/home/xteme/projetos/Xperience/node_modules/jest-circus/build/run.js:121:9)\n    at run (/home/xteme/projetos/Xperience/node_modules/jest-circus/build/run.js:71:3)\n    at runAndTransformResultsToJestFormat (/home/xteme/projetos/Xperience/node_modules/jest-circus/build/legacy-code-todo-rewrite/jestAdapterInit.js:122:21)\n    at jestAdapter (/home/xteme/projetos/Xperience/node_modules/jest-circus/build/legacy-code-todo-rewrite/jestAdapter.js:79:19)\n    at runTestInternal (/home/xteme/projetos/Xperience/node_modules/jest-runner/build/runTest.js:367:16)\n    at runTest (/home/xteme/projetos/Xperience/node_modules/jest-runner/build/runTest.js:444:34)"
          ],
          "fullName": "usePerformance should track navigation timing metrics",
          "invocations": 1,
          "location": null,
          "numPassingAsserts": 0,
          "retryReasons": [],
          "status": "failed",
          "title": "should track navigation timing metrics"
        },
        {
          "ancestorTitles": ["usePerformance"],
          "duration": 30,
          "failureDetails": [{}],
          "failureMessages": [
            "TypeError: Cannot read properties of undefined (reading 'VITE_ENVIRONMENT')\n    at /home/xteme/projetos/Xperience/src/hooks/usePerformance.ts:18:13\n    at commitHookEffectListMount (/home/xteme/projetos/Xperience/node_modules/react-dom/cjs/react-dom.development.js:23189:26)\n    at commitPassiveMountOnFiber (/home/xteme/projetos/Xperience/node_modules/react-dom/cjs/react-dom.development.js:24970:11)\n    at commitPassiveMountEffects_complete (/home/xteme/projetos/Xperience/node_modules/react-dom/cjs/react-dom.development.js:24930:9)\n    at commitPassiveMountEffects_begin (/home/xteme/projetos/Xperience/node_modules/react-dom/cjs/react-dom.development.js:24917:7)\n    at commitPassiveMountEffects (/home/xteme/projetos/Xperience/node_modules/react-dom/cjs/react-dom.development.js:24905:3)\n    at flushPassiveEffectsImpl (/home/xteme/projetos/Xperience/node_modules/react-dom/cjs/react-dom.development.js:27078:3)\n    at flushPassiveEffects (/home/xteme/projetos/Xperience/node_modules/react-dom/cjs/react-dom.development.js:27023:14)\n    at /home/xteme/projetos/Xperience/node_modules/react-dom/cjs/react-dom.development.js:26808:9\n    at flushActQueue (/home/xteme/projetos/Xperience/node_modules/react/cjs/react.development.js:2667:24)\n    at act (/home/xteme/projetos/Xperience/node_modules/react/cjs/react.development.js:2582:11)\n    at /home/xteme/projetos/Xperience/node_modules/@testing-library/react/dist/act-compat.js:47:25\n    at renderRoot (/home/xteme/projetos/Xperience/node_modules/@testing-library/react/dist/pure.js:190:26)\n    at render (/home/xteme/projetos/Xperience/node_modules/@testing-library/react/dist/pure.js:292:10)\n    at renderHook (/home/xteme/projetos/Xperience/node_modules/@testing-library/react/dist/pure.js:340:7)\n    at Object.<anonymous> (/home/xteme/projetos/Xperience/src/__tests__/hooks/usePerformance.test.tsx:218:15)\n    at Promise.then.completed (/home/xteme/projetos/Xperience/node_modules/jest-circus/build/utils.js:298:28)\n    at new Promise (<anonymous>)\n    at callAsyncCircusFn (/home/xteme/projetos/Xperience/node_modules/jest-circus/build/utils.js:231:10)\n    at _callCircusTest (/home/xteme/projetos/Xperience/node_modules/jest-circus/build/run.js:316:40)\n    at _runTest (/home/xteme/projetos/Xperience/node_modules/jest-circus/build/run.js:252:3)\n    at _runTestsForDescribeBlock (/home/xteme/projetos/Xperience/node_modules/jest-circus/build/run.js:126:9)\n    at _runTestsForDescribeBlock (/home/xteme/projetos/Xperience/node_modules/jest-circus/build/run.js:121:9)\n    at run (/home/xteme/projetos/Xperience/node_modules/jest-circus/build/run.js:71:3)\n    at runAndTransformResultsToJestFormat (/home/xteme/projetos/Xperience/node_modules/jest-circus/build/legacy-code-todo-rewrite/jestAdapterInit.js:122:21)\n    at jestAdapter (/home/xteme/projetos/Xperience/node_modules/jest-circus/build/legacy-code-todo-rewrite/jestAdapter.js:79:19)\n    at runTestInternal (/home/xteme/projetos/Xperience/node_modules/jest-runner/build/runTest.js:367:16)\n    at runTest (/home/xteme/projetos/Xperience/node_modules/jest-runner/build/runTest.js:444:34)"
          ],
          "fullName": "usePerformance should handle observer errors gracefully",
          "invocations": 1,
          "location": null,
          "numPassingAsserts": 0,
          "retryReasons": [],
          "status": "failed",
          "title": "should handle observer errors gracefully"
        },
        {
          "ancestorTitles": ["usePerformance"],
          "duration": 27,
          "failureDetails": [{}],
          "failureMessages": [
            "TypeError: Cannot read properties of undefined (reading 'VITE_ENVIRONMENT')\n    at /home/xteme/projetos/Xperience/src/hooks/usePerformance.ts:18:13\n    at commitHookEffectListMount (/home/xteme/projetos/Xperience/node_modules/react-dom/cjs/react-dom.development.js:23189:26)\n    at commitPassiveMountOnFiber (/home/xteme/projetos/Xperience/node_modules/react-dom/cjs/react-dom.development.js:24970:11)\n    at commitPassiveMountEffects_complete (/home/xteme/projetos/Xperience/node_modules/react-dom/cjs/react-dom.development.js:24930:9)\n    at commitPassiveMountEffects_begin (/home/xteme/projetos/Xperience/node_modules/react-dom/cjs/react-dom.development.js:24917:7)\n    at commitPassiveMountEffects (/home/xteme/projetos/Xperience/node_modules/react-dom/cjs/react-dom.development.js:24905:3)\n    at flushPassiveEffectsImpl (/home/xteme/projetos/Xperience/node_modules/react-dom/cjs/react-dom.development.js:27078:3)\n    at flushPassiveEffects (/home/xteme/projetos/Xperience/node_modules/react-dom/cjs/react-dom.development.js:27023:14)\n    at /home/xteme/projetos/Xperience/node_modules/react-dom/cjs/react-dom.development.js:26808:9\n    at flushActQueue (/home/xteme/projetos/Xperience/node_modules/react/cjs/react.development.js:2667:24)\n    at act (/home/xteme/projetos/Xperience/node_modules/react/cjs/react.development.js:2582:11)\n    at /home/xteme/projetos/Xperience/node_modules/@testing-library/react/dist/act-compat.js:47:25\n    at renderRoot (/home/xteme/projetos/Xperience/node_modules/@testing-library/react/dist/pure.js:190:26)\n    at render (/home/xteme/projetos/Xperience/node_modules/@testing-library/react/dist/pure.js:292:10)\n    at renderHook (/home/xteme/projetos/Xperience/node_modules/@testing-library/react/dist/pure.js:340:7)\n    at Object.<anonymous> (/home/xteme/projetos/Xperience/src/__tests__/hooks/usePerformance.test.tsx:228:34)\n    at Promise.then.completed (/home/xteme/projetos/Xperience/node_modules/jest-circus/build/utils.js:298:28)\n    at new Promise (<anonymous>)\n    at callAsyncCircusFn (/home/xteme/projetos/Xperience/node_modules/jest-circus/build/utils.js:231:10)\n    at _callCircusTest (/home/xteme/projetos/Xperience/node_modules/jest-circus/build/run.js:316:40)\n    at _runTest (/home/xteme/projetos/Xperience/node_modules/jest-circus/build/run.js:252:3)\n    at _runTestsForDescribeBlock (/home/xteme/projetos/Xperience/node_modules/jest-circus/build/run.js:126:9)\n    at _runTestsForDescribeBlock (/home/xteme/projetos/Xperience/node_modules/jest-circus/build/run.js:121:9)\n    at run (/home/xteme/projetos/Xperience/node_modules/jest-circus/build/run.js:71:3)\n    at runAndTransformResultsToJestFormat (/home/xteme/projetos/Xperience/node_modules/jest-circus/build/legacy-code-todo-rewrite/jestAdapterInit.js:122:21)\n    at jestAdapter (/home/xteme/projetos/Xperience/node_modules/jest-circus/build/legacy-code-todo-rewrite/jestAdapter.js:79:19)\n    at runTestInternal (/home/xteme/projetos/Xperience/node_modules/jest-runner/build/runTest.js:367:16)\n    at runTest (/home/xteme/projetos/Xperience/node_modules/jest-runner/build/runTest.js:444:34)"
          ],
          "fullName": "usePerformance should calculate core web vitals score correctly",
          "invocations": 1,
          "location": null,
          "numPassingAsserts": 0,
          "retryReasons": [],
          "status": "failed",
          "title": "should calculate core web vitals score correctly"
        },
        {
          "ancestorTitles": ["usePerformance"],
          "duration": 45,
          "failureDetails": [{}],
          "failureMessages": [
            "TypeError: Cannot read properties of undefined (reading 'VITE_ENVIRONMENT')\n    at /home/xteme/projetos/Xperience/src/hooks/usePerformance.ts:18:13\n    at commitHookEffectListMount (/home/xteme/projetos/Xperience/node_modules/react-dom/cjs/react-dom.development.js:23189:26)\n    at commitPassiveMountOnFiber (/home/xteme/projetos/Xperience/node_modules/react-dom/cjs/react-dom.development.js:24970:11)\n    at commitPassiveMountEffects_complete (/home/xteme/projetos/Xperience/node_modules/react-dom/cjs/react-dom.development.js:24930:9)\n    at commitPassiveMountEffects_begin (/home/xteme/projetos/Xperience/node_modules/react-dom/cjs/react-dom.development.js:24917:7)\n    at commitPassiveMountEffects (/home/xteme/projetos/Xperience/node_modules/react-dom/cjs/react-dom.development.js:24905:3)\n    at flushPassiveEffectsImpl (/home/xteme/projetos/Xperience/node_modules/react-dom/cjs/react-dom.development.js:27078:3)\n    at flushPassiveEffects (/home/xteme/projetos/Xperience/node_modules/react-dom/cjs/react-dom.development.js:27023:14)\n    at /home/xteme/projetos/Xperience/node_modules/react-dom/cjs/react-dom.development.js:26808:9\n    at flushActQueue (/home/xteme/projetos/Xperience/node_modules/react/cjs/react.development.js:2667:24)\n    at act (/home/xteme/projetos/Xperience/node_modules/react/cjs/react.development.js:2582:11)\n    at /home/xteme/projetos/Xperience/node_modules/@testing-library/react/dist/act-compat.js:47:25\n    at renderRoot (/home/xteme/projetos/Xperience/node_modules/@testing-library/react/dist/pure.js:190:26)\n    at render (/home/xteme/projetos/Xperience/node_modules/@testing-library/react/dist/pure.js:292:10)\n    at renderHook (/home/xteme/projetos/Xperience/node_modules/@testing-library/react/dist/pure.js:340:7)\n    at Object.<anonymous> (/home/xteme/projetos/Xperience/src/__tests__/hooks/usePerformance.test.tsx:259:34)\n    at Promise.then.completed (/home/xteme/projetos/Xperience/node_modules/jest-circus/build/utils.js:298:28)\n    at new Promise (<anonymous>)\n    at callAsyncCircusFn (/home/xteme/projetos/Xperience/node_modules/jest-circus/build/utils.js:231:10)\n    at _callCircusTest (/home/xteme/projetos/Xperience/node_modules/jest-circus/build/run.js:316:40)\n    at _runTest (/home/xteme/projetos/Xperience/node_modules/jest-circus/build/run.js:252:3)\n    at _runTestsForDescribeBlock (/home/xteme/projetos/Xperience/node_modules/jest-circus/build/run.js:126:9)\n    at _runTestsForDescribeBlock (/home/xteme/projetos/Xperience/node_modules/jest-circus/build/run.js:121:9)\n    at run (/home/xteme/projetos/Xperience/node_modules/jest-circus/build/run.js:71:3)\n    at runAndTransformResultsToJestFormat (/home/xteme/projetos/Xperience/node_modules/jest-circus/build/legacy-code-todo-rewrite/jestAdapterInit.js:122:21)\n    at jestAdapter (/home/xteme/projetos/Xperience/node_modules/jest-circus/build/legacy-code-todo-rewrite/jestAdapter.js:79:19)\n    at runTestInternal (/home/xteme/projetos/Xperience/node_modules/jest-runner/build/runTest.js:367:16)\n    at runTest (/home/xteme/projetos/Xperience/node_modules/jest-runner/build/runTest.js:444:34)"
          ],
          "fullName": "usePerformance should return null score when metrics are missing",
          "invocations": 1,
          "location": null,
          "numPassingAsserts": 0,
          "retryReasons": [],
          "status": "failed",
          "title": "should return null score when metrics are missing"
        },
        {
          "ancestorTitles": ["usePerformance"],
          "duration": 22,
          "failureDetails": [{}],
          "failureMessages": [
            "TypeError: Cannot read properties of undefined (reading 'VITE_ENVIRONMENT')\n    at /home/xteme/projetos/Xperience/src/hooks/usePerformance.ts:18:13\n    at commitHookEffectListMount (/home/xteme/projetos/Xperience/node_modules/react-dom/cjs/react-dom.development.js:23189:26)\n    at commitPassiveMountOnFiber (/home/xteme/projetos/Xperience/node_modules/react-dom/cjs/react-dom.development.js:24970:11)\n    at commitPassiveMountEffects_complete (/home/xteme/projetos/Xperience/node_modules/react-dom/cjs/react-dom.development.js:24930:9)\n    at commitPassiveMountEffects_begin (/home/xteme/projetos/Xperience/node_modules/react-dom/cjs/react-dom.development.js:24917:7)\n    at commitPassiveMountEffects (/home/xteme/projetos/Xperience/node_modules/react-dom/cjs/react-dom.development.js:24905:3)\n    at flushPassiveEffectsImpl (/home/xteme/projetos/Xperience/node_modules/react-dom/cjs/react-dom.development.js:27078:3)\n    at flushPassiveEffects (/home/xteme/projetos/Xperience/node_modules/react-dom/cjs/react-dom.development.js:27023:14)\n    at /home/xteme/projetos/Xperience/node_modules/react-dom/cjs/react-dom.development.js:26808:9\n    at flushActQueue (/home/xteme/projetos/Xperience/node_modules/react/cjs/react.development.js:2667:24)\n    at act (/home/xteme/projetos/Xperience/node_modules/react/cjs/react.development.js:2582:11)\n    at /home/xteme/projetos/Xperience/node_modules/@testing-library/react/dist/act-compat.js:47:25\n    at renderRoot (/home/xteme/projetos/Xperience/node_modules/@testing-library/react/dist/pure.js:190:26)\n    at render (/home/xteme/projetos/Xperience/node_modules/@testing-library/react/dist/pure.js:292:10)\n    at renderHook (/home/xteme/projetos/Xperience/node_modules/@testing-library/react/dist/pure.js:340:7)\n    at Object.<anonymous> (/home/xteme/projetos/Xperience/src/__tests__/hooks/usePerformance.test.tsx:274:35)\n    at Promise.then.completed (/home/xteme/projetos/Xperience/node_modules/jest-circus/build/utils.js:298:28)\n    at new Promise (<anonymous>)\n    at callAsyncCircusFn (/home/xteme/projetos/Xperience/node_modules/jest-circus/build/utils.js:231:10)\n    at _callCircusTest (/home/xteme/projetos/Xperience/node_modules/jest-circus/build/run.js:316:40)\n    at _runTest (/home/xteme/projetos/Xperience/node_modules/jest-circus/build/run.js:252:3)\n    at _runTestsForDescribeBlock (/home/xteme/projetos/Xperience/node_modules/jest-circus/build/run.js:126:9)\n    at _runTestsForDescribeBlock (/home/xteme/projetos/Xperience/node_modules/jest-circus/build/run.js:121:9)\n    at run (/home/xteme/projetos/Xperience/node_modules/jest-circus/build/run.js:71:3)\n    at runAndTransformResultsToJestFormat (/home/xteme/projetos/Xperience/node_modules/jest-circus/build/legacy-code-todo-rewrite/jestAdapterInit.js:122:21)\n    at jestAdapter (/home/xteme/projetos/Xperience/node_modules/jest-circus/build/legacy-code-todo-rewrite/jestAdapter.js:79:19)\n    at runTestInternal (/home/xteme/projetos/Xperience/node_modules/jest-runner/build/runTest.js:367:16)\n    at runTest (/home/xteme/projetos/Xperience/node_modules/jest-runner/build/runTest.js:444:34)"
          ],
          "fullName": "usePerformance should cleanup event listeners on unmount",
          "invocations": 1,
          "location": null,
          "numPassingAsserts": 0,
          "retryReasons": [],
          "status": "failed",
          "title": "should cleanup event listeners on unmount"
        }
      ],
      "endTime": 1757376308156,
      "message": "\u001b[1m\u001b[31m  \u001b[1m● \u001b[22m\u001b[1musePerformance › should initialize with empty metrics\u001b[39m\u001b[22m\n\n    TypeError: Cannot read properties of undefined (reading 'VITE_ENVIRONMENT')\n\u001b[2m\u001b[22m\n\u001b[2m    \u001b[0m \u001b[90m 16 |\u001b[39m\u001b[22m\n\u001b[2m     \u001b[90m 17 |\u001b[39m   useEffect(() \u001b[33m=>\u001b[39m {\u001b[22m\n\u001b[2m    \u001b[31m\u001b[1m>\u001b[22m\u001b[2m\u001b[39m\u001b[90m 18 |\u001b[39m     \u001b[36mif\u001b[39m (\u001b[33mENV\u001b[39m\u001b[33m.\u001b[39m\u001b[33mVITE_ENVIRONMENT\u001b[39m \u001b[33m!==\u001b[39m \u001b[32m\"production\"\u001b[39m) {\u001b[22m\n\u001b[2m     \u001b[90m    |\u001b[39m             \u001b[31m\u001b[1m^\u001b[22m\u001b[2m\u001b[39m\u001b[22m\n\u001b[2m     \u001b[90m 19 |\u001b[39m       \u001b[36mreturn\u001b[39m\u001b[33m;\u001b[39m\u001b[22m\n\u001b[2m     \u001b[90m 20 |\u001b[39m     }\u001b[22m\n\u001b[2m     \u001b[90m 21 |\u001b[39m\u001b[0m\u001b[22m\n\u001b[2m\u001b[22m\n\u001b[2m      \u001b[2mat \u001b[22m\u001b[2msrc/hooks/usePerformance.ts\u001b[2m:18:13\u001b[22m\u001b[2m\u001b[22m\n\u001b[2m      \u001b[2mat commitHookEffectListMount (\u001b[22m\u001b[2mnode_modules/react-dom/cjs/react-dom.development.js\u001b[2m:23189:26)\u001b[22m\u001b[2m\u001b[22m\n\u001b[2m      \u001b[2mat commitPassiveMountOnFiber (\u001b[22m\u001b[2mnode_modules/react-dom/cjs/react-dom.development.js\u001b[2m:24970:11)\u001b[22m\u001b[2m\u001b[22m\n\u001b[2m      \u001b[2mat commitPassiveMountEffects_complete (\u001b[22m\u001b[2mnode_modules/react-dom/cjs/react-dom.development.js\u001b[2m:24930:9)\u001b[22m\u001b[2m\u001b[22m\n\u001b[2m      \u001b[2mat commitPassiveMountEffects_begin (\u001b[22m\u001b[2mnode_modules/react-dom/cjs/react-dom.development.js\u001b[2m:24917:7)\u001b[22m\u001b[2m\u001b[22m\n\u001b[2m      \u001b[2mat commitPassiveMountEffects (\u001b[22m\u001b[2mnode_modules/react-dom/cjs/react-dom.development.js\u001b[2m:24905:3)\u001b[22m\u001b[2m\u001b[22m\n\u001b[2m      \u001b[2mat flushPassiveEffectsImpl (\u001b[22m\u001b[2mnode_modules/react-dom/cjs/react-dom.development.js\u001b[2m:27078:3)\u001b[22m\u001b[2m\u001b[22m\n\u001b[2m      \u001b[2mat flushPassiveEffects (\u001b[22m\u001b[2mnode_modules/react-dom/cjs/react-dom.development.js\u001b[2m:27023:14)\u001b[22m\u001b[2m\u001b[22m\n\u001b[2m      \u001b[2mat \u001b[22m\u001b[2mnode_modules/react-dom/cjs/react-dom.development.js\u001b[2m:26808:9\u001b[22m\u001b[2m\u001b[22m\n\u001b[2m      \u001b[2mat flushActQueue (\u001b[22m\u001b[2mnode_modules/react/cjs/react.development.js\u001b[2m:2667:24)\u001b[22m\u001b[2m\u001b[22m\n\u001b[2m      \u001b[2mat act (\u001b[22m\u001b[2mnode_modules/react/cjs/react.development.js\u001b[2m:2582:11)\u001b[22m\u001b[2m\u001b[22m\n\u001b[2m      \u001b[2mat \u001b[22m\u001b[2mnode_modules/@testing-library/react/dist/act-compat.js\u001b[2m:47:25\u001b[22m\u001b[2m\u001b[22m\n\u001b[2m      \u001b[2mat renderRoot (\u001b[22m\u001b[2mnode_modules/@testing-library/react/dist/pure.js\u001b[2m:190:26)\u001b[22m\u001b[2m\u001b[22m\n\u001b[2m      \u001b[2mat render (\u001b[22m\u001b[2mnode_modules/@testing-library/react/dist/pure.js\u001b[2m:292:10)\u001b[22m\u001b[2m\u001b[22m\n\u001b[2m      \u001b[2mat renderHook (\u001b[22m\u001b[2mnode_modules/@testing-library/react/dist/pure.js\u001b[2m:340:7)\u001b[22m\u001b[2m\u001b[22m\n\u001b[2m      \u001b[2mat Object.<anonymous> (\u001b[22m\u001b[2m\u001b[0m\u001b[36msrc/__tests__/hooks/usePerformance.test.tsx\u001b[39m\u001b[0m\u001b[2m:98:34)\u001b[22m\u001b[2m\u001b[22m\n\n\u001b[1m\u001b[31m  \u001b[1m● \u001b[22m\u001b[1musePerformance › should not track metrics when performance monitoring is disabled\u001b[39m\u001b[22m\n\n    TypeError: Cannot read properties of undefined (reading 'VITE_ENVIRONMENT')\n\u001b[2m\u001b[22m\n\u001b[2m    \u001b[0m \u001b[90m 16 |\u001b[39m\u001b[22m\n\u001b[2m     \u001b[90m 17 |\u001b[39m   useEffect(() \u001b[33m=>\u001b[39m {\u001b[22m\n\u001b[2m    \u001b[31m\u001b[1m>\u001b[22m\u001b[2m\u001b[39m\u001b[90m 18 |\u001b[39m     \u001b[36mif\u001b[39m (\u001b[33mENV\u001b[39m\u001b[33m.\u001b[39m\u001b[33mVITE_ENVIRONMENT\u001b[39m \u001b[33m!==\u001b[39m \u001b[32m\"production\"\u001b[39m) {\u001b[22m\n\u001b[2m     \u001b[90m    |\u001b[39m             \u001b[31m\u001b[1m^\u001b[22m\u001b[2m\u001b[39m\u001b[22m\n\u001b[2m     \u001b[90m 19 |\u001b[39m       \u001b[36mreturn\u001b[39m\u001b[33m;\u001b[39m\u001b[22m\n\u001b[2m     \u001b[90m 20 |\u001b[39m     }\u001b[22m\n\u001b[2m     \u001b[90m 21 |\u001b[39m\u001b[0m\u001b[22m\n\u001b[2m\u001b[22m\n\u001b[2m      \u001b[2mat \u001b[22m\u001b[2msrc/hooks/usePerformance.ts\u001b[2m:18:13\u001b[22m\u001b[2m\u001b[22m\n\u001b[2m      \u001b[2mat commitHookEffectListMount (\u001b[22m\u001b[2mnode_modules/react-dom/cjs/react-dom.development.js\u001b[2m:23189:26)\u001b[22m\u001b[2m\u001b[22m\n\u001b[2m      \u001b[2mat commitPassiveMountOnFiber (\u001b[22m\u001b[2mnode_modules/react-dom/cjs/react-dom.development.js\u001b[2m:24970:11)\u001b[22m\u001b[2m\u001b[22m\n\u001b[2m      \u001b[2mat commitPassiveMountEffects_complete (\u001b[22m\u001b[2mnode_modules/react-dom/cjs/react-dom.development.js\u001b[2m:24930:9)\u001b[22m\u001b[2m\u001b[22m\n\u001b[2m      \u001b[2mat commitPassiveMountEffects_begin (\u001b[22m\u001b[2mnode_modules/react-dom/cjs/react-dom.development.js\u001b[2m:24917:7)\u001b[22m\u001b[2m\u001b[22m\n\u001b[2m      \u001b[2mat commitPassiveMountEffects (\u001b[22m\u001b[2mnode_modules/react-dom/cjs/react-dom.development.js\u001b[2m:24905:3)\u001b[22m\u001b[2m\u001b[22m\n\u001b[2m      \u001b[2mat flushPassiveEffectsImpl (\u001b[22m\u001b[2mnode_modules/react-dom/cjs/react-dom.development.js\u001b[2m:27078:3)\u001b[22m\u001b[2m\u001b[22m\n\u001b[2m      \u001b[2mat flushPassiveEffects (\u001b[22m\u001b[2mnode_modules/react-dom/cjs/react-dom.development.js\u001b[2m:27023:14)\u001b[22m\u001b[2m\u001b[22m\n\u001b[2m      \u001b[2mat \u001b[22m\u001b[2mnode_modules/react-dom/cjs/react-dom.development.js\u001b[2m:26808:9\u001b[22m\u001b[2m\u001b[22m\n\u001b[2m      \u001b[2mat flushActQueue (\u001b[22m\u001b[2mnode_modules/react/cjs/react.development.js\u001b[2m:2667:24)\u001b[22m\u001b[2m\u001b[22m\n\u001b[2m      \u001b[2mat act (\u001b[22m\u001b[2mnode_modules/react/cjs/react.development.js\u001b[2m:2582:11)\u001b[22m\u001b[2m\u001b[22m\n\u001b[2m      \u001b[2mat \u001b[22m\u001b[2mnode_modules/@testing-library/react/dist/act-compat.js\u001b[2m:47:25\u001b[22m\u001b[2m\u001b[22m\n\u001b[2m      \u001b[2mat renderRoot (\u001b[22m\u001b[2mnode_modules/@testing-library/react/dist/pure.js\u001b[2m:190:26)\u001b[22m\u001b[2m\u001b[22m\n\u001b[2m      \u001b[2mat render (\u001b[22m\u001b[2mnode_modules/@testing-library/react/dist/pure.js\u001b[2m:292:10)\u001b[22m\u001b[2m\u001b[22m\n\u001b[2m      \u001b[2mat renderHook (\u001b[22m\u001b[2mnode_modules/@testing-library/react/dist/pure.js\u001b[2m:340:7)\u001b[22m\u001b[2m\u001b[22m\n\u001b[2m      \u001b[2mat Object.<anonymous> (\u001b[22m\u001b[2m\u001b[0m\u001b[36msrc/__tests__/hooks/usePerformance.test.tsx\u001b[39m\u001b[0m\u001b[2m:107:34)\u001b[22m\u001b[2m\u001b[22m\n\n\u001b[1m\u001b[31m  \u001b[1m● \u001b[22m\u001b[1musePerformance › should track LCP metric\u001b[39m\u001b[22m\n\n    TypeError: Cannot read properties of undefined (reading 'VITE_ENVIRONMENT')\n\u001b[2m\u001b[22m\n\u001b[2m    \u001b[0m \u001b[90m 16 |\u001b[39m\u001b[22m\n\u001b[2m     \u001b[90m 17 |\u001b[39m   useEffect(() \u001b[33m=>\u001b[39m {\u001b[22m\n\u001b[2m    \u001b[31m\u001b[1m>\u001b[22m\u001b[2m\u001b[39m\u001b[90m 18 |\u001b[39m     \u001b[36mif\u001b[39m (\u001b[33mENV\u001b[39m\u001b[33m.\u001b[39m\u001b[33mVITE_ENVIRONMENT\u001b[39m \u001b[33m!==\u001b[39m \u001b[32m\"production\"\u001b[39m) {\u001b[22m\n\u001b[2m     \u001b[90m    |\u001b[39m             \u001b[31m\u001b[1m^\u001b[22m\u001b[2m\u001b[39m\u001b[22m\n\u001b[2m     \u001b[90m 19 |\u001b[39m       \u001b[36mreturn\u001b[39m\u001b[33m;\u001b[39m\u001b[22m\n\u001b[2m     \u001b[90m 20 |\u001b[39m     }\u001b[22m\n\u001b[2m     \u001b[90m 21 |\u001b[39m\u001b[0m\u001b[22m\n\u001b[2m\u001b[22m\n\u001b[2m      \u001b[2mat \u001b[22m\u001b[2msrc/hooks/usePerformance.ts\u001b[2m:18:13\u001b[22m\u001b[2m\u001b[22m\n\u001b[2m      \u001b[2mat commitHookEffectListMount (\u001b[22m\u001b[2mnode_modules/react-dom/cjs/react-dom.development.js\u001b[2m:23189:26)\u001b[22m\u001b[2m\u001b[22m\n\u001b[2m      \u001b[2mat commitPassiveMountOnFiber (\u001b[22m\u001b[2mnode_modules/react-dom/cjs/react-dom.development.js\u001b[2m:24970:11)\u001b[22m\u001b[2m\u001b[22m\n\u001b[2m      \u001b[2mat commitPassiveMountEffects_complete (\u001b[22m\u001b[2mnode_modules/react-dom/cjs/react-dom.development.js\u001b[2m:24930:9)\u001b[22m\u001b[2m\u001b[22m\n\u001b[2m      \u001b[2mat commitPassiveMountEffects_begin (\u001b[22m\u001b[2mnode_modules/react-dom/cjs/react-dom.development.js\u001b[2m:24917:7)\u001b[22m\u001b[2m\u001b[22m\n\u001b[2m      \u001b[2mat commitPassiveMountEffects (\u001b[22m\u001b[2mnode_modules/react-dom/cjs/react-dom.development.js\u001b[2m:24905:3)\u001b[22m\u001b[2m\u001b[22m\n\u001b[2m      \u001b[2mat flushPassiveEffectsImpl (\u001b[22m\u001b[2mnode_modules/react-dom/cjs/react-dom.development.js\u001b[2m:27078:3)\u001b[22m\u001b[2m\u001b[22m\n\u001b[2m      \u001b[2mat flushPassiveEffects (\u001b[22m\u001b[2mnode_modules/react-dom/cjs/react-dom.development.js\u001b[2m:27023:14)\u001b[22m\u001b[2m\u001b[22m\n\u001b[2m      \u001b[2mat \u001b[22m\u001b[2mnode_modules/react-dom/cjs/react-dom.development.js\u001b[2m:26808:9\u001b[22m\u001b[2m\u001b[22m\n\u001b[2m      \u001b[2mat flushActQueue (\u001b[22m\u001b[2mnode_modules/react/cjs/react.development.js\u001b[2m:2667:24)\u001b[22m\u001b[2m\u001b[22m\n\u001b[2m      \u001b[2mat act (\u001b[22m\u001b[2mnode_modules/react/cjs/react.development.js\u001b[2m:2582:11)\u001b[22m\u001b[2m\u001b[22m\n\u001b[2m      \u001b[2mat \u001b[22m\u001b[2mnode_modules/@testing-library/react/dist/act-compat.js\u001b[2m:47:25\u001b[22m\u001b[2m\u001b[22m\n\u001b[2m      \u001b[2mat renderRoot (\u001b[22m\u001b[2mnode_modules/@testing-library/react/dist/pure.js\u001b[2m:190:26)\u001b[22m\u001b[2m\u001b[22m\n\u001b[2m      \u001b[2mat render (\u001b[22m\u001b[2mnode_modules/@testing-library/react/dist/pure.js\u001b[2m:292:10)\u001b[22m\u001b[2m\u001b[22m\n\u001b[2m      \u001b[2mat renderHook (\u001b[22m\u001b[2mnode_modules/@testing-library/react/dist/pure.js\u001b[2m:340:7)\u001b[22m\u001b[2m\u001b[22m\n\u001b[2m      \u001b[2mat Object.<anonymous> (\u001b[22m\u001b[2m\u001b[0m\u001b[36msrc/__tests__/hooks/usePerformance.test.tsx\u001b[39m\u001b[0m\u001b[2m:114:34)\u001b[22m\u001b[2m\u001b[22m\n\n\u001b[1m\u001b[31m  \u001b[1m● \u001b[22m\u001b[1musePerformance › should track FID metric\u001b[39m\u001b[22m\n\n    TypeError: Cannot read properties of undefined (reading 'VITE_ENVIRONMENT')\n\u001b[2m\u001b[22m\n\u001b[2m    \u001b[0m \u001b[90m 16 |\u001b[39m\u001b[22m\n\u001b[2m     \u001b[90m 17 |\u001b[39m   useEffect(() \u001b[33m=>\u001b[39m {\u001b[22m\n\u001b[2m    \u001b[31m\u001b[1m>\u001b[22m\u001b[2m\u001b[39m\u001b[90m 18 |\u001b[39m     \u001b[36mif\u001b[39m (\u001b[33mENV\u001b[39m\u001b[33m.\u001b[39m\u001b[33mVITE_ENVIRONMENT\u001b[39m \u001b[33m!==\u001b[39m \u001b[32m\"production\"\u001b[39m) {\u001b[22m\n\u001b[2m     \u001b[90m    |\u001b[39m             \u001b[31m\u001b[1m^\u001b[22m\u001b[2m\u001b[39m\u001b[22m\n\u001b[2m     \u001b[90m 19 |\u001b[39m       \u001b[36mreturn\u001b[39m\u001b[33m;\u001b[39m\u001b[22m\n\u001b[2m     \u001b[90m 20 |\u001b[39m     }\u001b[22m\n\u001b[2m     \u001b[90m 21 |\u001b[39m\u001b[0m\u001b[22m\n\u001b[2m\u001b[22m\n\u001b[2m      \u001b[2mat \u001b[22m\u001b[2msrc/hooks/usePerformance.ts\u001b[2m:18:13\u001b[22m\u001b[2m\u001b[22m\n\u001b[2m      \u001b[2mat commitHookEffectListMount (\u001b[22m\u001b[2mnode_modules/react-dom/cjs/react-dom.development.js\u001b[2m:23189:26)\u001b[22m\u001b[2m\u001b[22m\n\u001b[2m      \u001b[2mat commitPassiveMountOnFiber (\u001b[22m\u001b[2mnode_modules/react-dom/cjs/react-dom.development.js\u001b[2m:24970:11)\u001b[22m\u001b[2m\u001b[22m\n\u001b[2m      \u001b[2mat commitPassiveMountEffects_complete (\u001b[22m\u001b[2mnode_modules/react-dom/cjs/react-dom.development.js\u001b[2m:24930:9)\u001b[22m\u001b[2m\u001b[22m\n\u001b[2m      \u001b[2mat commitPassiveMountEffects_begin (\u001b[22m\u001b[2mnode_modules/react-dom/cjs/react-dom.development.js\u001b[2m:24917:7)\u001b[22m\u001b[2m\u001b[22m\n\u001b[2m      \u001b[2mat commitPassiveMountEffects (\u001b[22m\u001b[2mnode_modules/react-dom/cjs/react-dom.development.js\u001b[2m:24905:3)\u001b[22m\u001b[2m\u001b[22m\n\u001b[2m      \u001b[2mat flushPassiveEffectsImpl (\u001b[22m\u001b[2mnode_modules/react-dom/cjs/react-dom.development.js\u001b[2m:27078:3)\u001b[22m\u001b[2m\u001b[22m\n\u001b[2m      \u001b[2mat flushPassiveEffects (\u001b[22m\u001b[2mnode_modules/react-dom/cjs/react-dom.development.js\u001b[2m:27023:14)\u001b[22m\u001b[2m\u001b[22m\n\u001b[2m      \u001b[2mat \u001b[22m\u001b[2mnode_modules/react-dom/cjs/react-dom.development.js\u001b[2m:26808:9\u001b[22m\u001b[2m\u001b[22m\n\u001b[2m      \u001b[2mat flushActQueue (\u001b[22m\u001b[2mnode_modules/react/cjs/react.development.js\u001b[2m:2667:24)\u001b[22m\u001b[2m\u001b[22m\n\u001b[2m      \u001b[2mat act (\u001b[22m\u001b[2mnode_modules/react/cjs/react.development.js\u001b[2m:2582:11)\u001b[22m\u001b[2m\u001b[22m\n\u001b[2m      \u001b[2mat \u001b[22m\u001b[2mnode_modules/@testing-library/react/dist/act-compat.js\u001b[2m:47:25\u001b[22m\u001b[2m\u001b[22m\n\u001b[2m      \u001b[2mat renderRoot (\u001b[22m\u001b[2mnode_modules/@testing-library/react/dist/pure.js\u001b[2m:190:26)\u001b[22m\u001b[2m\u001b[22m\n\u001b[2m      \u001b[2mat render (\u001b[22m\u001b[2mnode_modules/@testing-library/react/dist/pure.js\u001b[2m:292:10)\u001b[22m\u001b[2m\u001b[22m\n\u001b[2m      \u001b[2mat renderHook (\u001b[22m\u001b[2mnode_modules/@testing-library/react/dist/pure.js\u001b[2m:340:7)\u001b[22m\u001b[2m\u001b[22m\n\u001b[2m      \u001b[2mat Object.<anonymous> (\u001b[22m\u001b[2m\u001b[0m\u001b[36msrc/__tests__/hooks/usePerformance.test.tsx\u001b[39m\u001b[0m\u001b[2m:136:34)\u001b[22m\u001b[2m\u001b[22m\n\n\u001b[1m\u001b[31m  \u001b[1m● \u001b[22m\u001b[1musePerformance › should track CLS metric\u001b[39m\u001b[22m\n\n    TypeError: Cannot read properties of undefined (reading 'VITE_ENVIRONMENT')\n\u001b[2m\u001b[22m\n\u001b[2m    \u001b[0m \u001b[90m 16 |\u001b[39m\u001b[22m\n\u001b[2m     \u001b[90m 17 |\u001b[39m   useEffect(() \u001b[33m=>\u001b[39m {\u001b[22m\n\u001b[2m    \u001b[31m\u001b[1m>\u001b[22m\u001b[2m\u001b[39m\u001b[90m 18 |\u001b[39m     \u001b[36mif\u001b[39m (\u001b[33mENV\u001b[39m\u001b[33m.\u001b[39m\u001b[33mVITE_ENVIRONMENT\u001b[39m \u001b[33m!==\u001b[39m \u001b[32m\"production\"\u001b[39m) {\u001b[22m\n\u001b[2m     \u001b[90m    |\u001b[39m             \u001b[31m\u001b[1m^\u001b[22m\u001b[2m\u001b[39m\u001b[22m\n\u001b[2m     \u001b[90m 19 |\u001b[39m       \u001b[36mreturn\u001b[39m\u001b[33m;\u001b[39m\u001b[22m\n\u001b[2m     \u001b[90m 20 |\u001b[39m     }\u001b[22m\n\u001b[2m     \u001b[90m 21 |\u001b[39m\u001b[0m\u001b[22m\n\u001b[2m\u001b[22m\n\u001b[2m      \u001b[2mat \u001b[22m\u001b[2msrc/hooks/usePerformance.ts\u001b[2m:18:13\u001b[22m\u001b[2m\u001b[22m\n\u001b[2m      \u001b[2mat commitHookEffectListMount (\u001b[22m\u001b[2mnode_modules/react-dom/cjs/react-dom.development.js\u001b[2m:23189:26)\u001b[22m\u001b[2m\u001b[22m\n\u001b[2m      \u001b[2mat commitPassiveMountOnFiber (\u001b[22m\u001b[2mnode_modules/react-dom/cjs/react-dom.development.js\u001b[2m:24970:11)\u001b[22m\u001b[2m\u001b[22m\n\u001b[2m      \u001b[2mat commitPassiveMountEffects_complete (\u001b[22m\u001b[2mnode_modules/react-dom/cjs/react-dom.development.js\u001b[2m:24930:9)\u001b[22m\u001b[2m\u001b[22m\n\u001b[2m      \u001b[2mat commitPassiveMountEffects_begin (\u001b[22m\u001b[2mnode_modules/react-dom/cjs/react-dom.development.js\u001b[2m:24917:7)\u001b[22m\u001b[2m\u001b[22m\n\u001b[2m      \u001b[2mat commitPassiveMountEffects (\u001b[22m\u001b[2mnode_modules/react-dom/cjs/react-dom.development.js\u001b[2m:24905:3)\u001b[22m\u001b[2m\u001b[22m\n\u001b[2m      \u001b[2mat flushPassiveEffectsImpl (\u001b[22m\u001b[2mnode_modules/react-dom/cjs/react-dom.development.js\u001b[2m:27078:3)\u001b[22m\u001b[2m\u001b[22m\n\u001b[2m      \u001b[2mat flushPassiveEffects (\u001b[22m\u001b[2mnode_modules/react-dom/cjs/react-dom.development.js\u001b[2m:27023:14)\u001b[22m\u001b[2m\u001b[22m\n\u001b[2m      \u001b[2mat \u001b[22m\u001b[2mnode_modules/react-dom/cjs/react-dom.development.js\u001b[2m:26808:9\u001b[22m\u001b[2m\u001b[22m\n\u001b[2m      \u001b[2mat flushActQueue (\u001b[22m\u001b[2mnode_modules/react/cjs/react.development.js\u001b[2m:2667:24)\u001b[22m\u001b[2m\u001b[22m\n\u001b[2m      \u001b[2mat act (\u001b[22m\u001b[2mnode_modules/react/cjs/react.development.js\u001b[2m:2582:11)\u001b[22m\u001b[2m\u001b[22m\n\u001b[2m      \u001b[2mat \u001b[22m\u001b[2mnode_modules/@testing-library/react/dist/act-compat.js\u001b[2m:47:25\u001b[22m\u001b[2m\u001b[22m\n\u001b[2m      \u001b[2mat renderRoot (\u001b[22m\u001b[2mnode_modules/@testing-library/react/dist/pure.js\u001b[2m:190:26)\u001b[22m\u001b[2m\u001b[22m\n\u001b[2m      \u001b[2mat render (\u001b[22m\u001b[2mnode_modules/@testing-library/react/dist/pure.js\u001b[2m:292:10)\u001b[22m\u001b[2m\u001b[22m\n\u001b[2m      \u001b[2mat renderHook (\u001b[22m\u001b[2mnode_modules/@testing-library/react/dist/pure.js\u001b[2m:340:7)\u001b[22m\u001b[2m\u001b[22m\n\u001b[2m      \u001b[2mat Object.<anonymous> (\u001b[22m\u001b[2m\u001b[0m\u001b[36msrc/__tests__/hooks/usePerformance.test.tsx\u001b[39m\u001b[0m\u001b[2m:159:34)\u001b[22m\u001b[2m\u001b[22m\n\n\u001b[1m\u001b[31m  \u001b[1m● \u001b[22m\u001b[1musePerformance › should track navigation timing metrics\u001b[39m\u001b[22m\n\n    TypeError: Cannot read properties of undefined (reading 'VITE_ENVIRONMENT')\n\u001b[2m\u001b[22m\n\u001b[2m    \u001b[0m \u001b[90m 16 |\u001b[39m\u001b[22m\n\u001b[2m     \u001b[90m 17 |\u001b[39m   useEffect(() \u001b[33m=>\u001b[39m {\u001b[22m\n\u001b[2m    \u001b[31m\u001b[1m>\u001b[22m\u001b[2m\u001b[39m\u001b[90m 18 |\u001b[39m     \u001b[36mif\u001b[39m (\u001b[33mENV\u001b[39m\u001b[33m.\u001b[39m\u001b[33mVITE_ENVIRONMENT\u001b[39m \u001b[33m!==\u001b[39m \u001b[32m\"production\"\u001b[39m) {\u001b[22m\n\u001b[2m     \u001b[90m    |\u001b[39m             \u001b[31m\u001b[1m^\u001b[22m\u001b[2m\u001b[39m\u001b[22m\n\u001b[2m     \u001b[90m 19 |\u001b[39m       \u001b[36mreturn\u001b[39m\u001b[33m;\u001b[39m\u001b[22m\n\u001b[2m     \u001b[90m 20 |\u001b[39m     }\u001b[22m\n\u001b[2m     \u001b[90m 21 |\u001b[39m\u001b[0m\u001b[22m\n\u001b[2m\u001b[22m\n\u001b[2m      \u001b[2mat \u001b[22m\u001b[2msrc/hooks/usePerformance.ts\u001b[2m:18:13\u001b[22m\u001b[2m\u001b[22m\n\u001b[2m      \u001b[2mat commitHookEffectListMount (\u001b[22m\u001b[2mnode_modules/react-dom/cjs/react-dom.development.js\u001b[2m:23189:26)\u001b[22m\u001b[2m\u001b[22m\n\u001b[2m      \u001b[2mat commitPassiveMountOnFiber (\u001b[22m\u001b[2mnode_modules/react-dom/cjs/react-dom.development.js\u001b[2m:24970:11)\u001b[22m\u001b[2m\u001b[22m\n\u001b[2m      \u001b[2mat commitPassiveMountEffects_complete (\u001b[22m\u001b[2mnode_modules/react-dom/cjs/react-dom.development.js\u001b[2m:24930:9)\u001b[22m\u001b[2m\u001b[22m\n\u001b[2m      \u001b[2mat commitPassiveMountEffects_begin (\u001b[22m\u001b[2mnode_modules/react-dom/cjs/react-dom.development.js\u001b[2m:24917:7)\u001b[22m\u001b[2m\u001b[22m\n\u001b[2m      \u001b[2mat commitPassiveMountEffects (\u001b[22m\u001b[2mnode_modules/react-dom/cjs/react-dom.development.js\u001b[2m:24905:3)\u001b[22m\u001b[2m\u001b[22m\n\u001b[2m      \u001b[2mat flushPassiveEffectsImpl (\u001b[22m\u001b[2mnode_modules/react-dom/cjs/react-dom.development.js\u001b[2m:27078:3)\u001b[22m\u001b[2m\u001b[22m\n\u001b[2m      \u001b[2mat flushPassiveEffects (\u001b[22m\u001b[2mnode_modules/react-dom/cjs/react-dom.development.js\u001b[2m:27023:14)\u001b[22m\u001b[2m\u001b[22m\n\u001b[2m      \u001b[2mat \u001b[22m\u001b[2mnode_modules/react-dom/cjs/react-dom.development.js\u001b[2m:26808:9\u001b[22m\u001b[2m\u001b[22m\n\u001b[2m      \u001b[2mat flushActQueue (\u001b[22m\u001b[2mnode_modules/react/cjs/react.development.js\u001b[2m:2667:24)\u001b[22m\u001b[2m\u001b[22m\n\u001b[2m      \u001b[2mat act (\u001b[22m\u001b[2mnode_modules/react/cjs/react.development.js\u001b[2m:2582:11)\u001b[22m\u001b[2m\u001b[22m\n\u001b[2m      \u001b[2mat \u001b[22m\u001b[2mnode_modules/@testing-library/react/dist/act-compat.js\u001b[2m:47:25\u001b[22m\u001b[2m\u001b[22m\n\u001b[2m      \u001b[2mat renderRoot (\u001b[22m\u001b[2mnode_modules/@testing-library/react/dist/pure.js\u001b[2m:190:26)\u001b[22m\u001b[2m\u001b[22m\n\u001b[2m      \u001b[2mat render (\u001b[22m\u001b[2mnode_modules/@testing-library/react/dist/pure.js\u001b[2m:292:10)\u001b[22m\u001b[2m\u001b[22m\n\u001b[2m      \u001b[2mat renderHook (\u001b[22m\u001b[2mnode_modules/@testing-library/react/dist/pure.js\u001b[2m:340:7)\u001b[22m\u001b[2m\u001b[22m\n\u001b[2m      \u001b[2mat Object.<anonymous> (\u001b[22m\u001b[2m\u001b[0m\u001b[36msrc/__tests__/hooks/usePerformance.test.tsx\u001b[39m\u001b[0m\u001b[2m:194:34)\u001b[22m\u001b[2m\u001b[22m\n\n\u001b[1m\u001b[31m  \u001b[1m● \u001b[22m\u001b[1musePerformance › should handle observer errors gracefully\u001b[39m\u001b[22m\n\n    TypeError: Cannot read properties of undefined (reading 'VITE_ENVIRONMENT')\n\u001b[2m\u001b[22m\n\u001b[2m    \u001b[0m \u001b[90m 16 |\u001b[39m\u001b[22m\n\u001b[2m     \u001b[90m 17 |\u001b[39m   useEffect(() \u001b[33m=>\u001b[39m {\u001b[22m\n\u001b[2m    \u001b[31m\u001b[1m>\u001b[22m\u001b[2m\u001b[39m\u001b[90m 18 |\u001b[39m     \u001b[36mif\u001b[39m (\u001b[33mENV\u001b[39m\u001b[33m.\u001b[39m\u001b[33mVITE_ENVIRONMENT\u001b[39m \u001b[33m!==\u001b[39m \u001b[32m\"production\"\u001b[39m) {\u001b[22m\n\u001b[2m     \u001b[90m    |\u001b[39m             \u001b[31m\u001b[1m^\u001b[22m\u001b[2m\u001b[39m\u001b[22m\n\u001b[2m     \u001b[90m 19 |\u001b[39m       \u001b[36mreturn\u001b[39m\u001b[33m;\u001b[39m\u001b[22m\n\u001b[2m     \u001b[90m 20 |\u001b[39m     }\u001b[22m\n\u001b[2m     \u001b[90m 21 |\u001b[39m\u001b[0m\u001b[22m\n\u001b[2m\u001b[22m\n\u001b[2m      \u001b[2mat \u001b[22m\u001b[2msrc/hooks/usePerformance.ts\u001b[2m:18:13\u001b[22m\u001b[2m\u001b[22m\n\u001b[2m      \u001b[2mat commitHookEffectListMount (\u001b[22m\u001b[2mnode_modules/react-dom/cjs/react-dom.development.js\u001b[2m:23189:26)\u001b[22m\u001b[2m\u001b[22m\n\u001b[2m      \u001b[2mat commitPassiveMountOnFiber (\u001b[22m\u001b[2mnode_modules/react-dom/cjs/react-dom.development.js\u001b[2m:24970:11)\u001b[22m\u001b[2m\u001b[22m\n\u001b[2m      \u001b[2mat commitPassiveMountEffects_complete (\u001b[22m\u001b[2mnode_modules/react-dom/cjs/react-dom.development.js\u001b[2m:24930:9)\u001b[22m\u001b[2m\u001b[22m\n\u001b[2m      \u001b[2mat commitPassiveMountEffects_begin (\u001b[22m\u001b[2mnode_modules/react-dom/cjs/react-dom.development.js\u001b[2m:24917:7)\u001b[22m\u001b[2m\u001b[22m\n\u001b[2m      \u001b[2mat commitPassiveMountEffects (\u001b[22m\u001b[2mnode_modules/react-dom/cjs/react-dom.development.js\u001b[2m:24905:3)\u001b[22m\u001b[2m\u001b[22m\n\u001b[2m      \u001b[2mat flushPassiveEffectsImpl (\u001b[22m\u001b[2mnode_modules/react-dom/cjs/react-dom.development.js\u001b[2m:27078:3)\u001b[22m\u001b[2m\u001b[22m\n\u001b[2m      \u001b[2mat flushPassiveEffects (\u001b[22m\u001b[2mnode_modules/react-dom/cjs/react-dom.development.js\u001b[2m:27023:14)\u001b[22m\u001b[2m\u001b[22m\n\u001b[2m      \u001b[2mat \u001b[22m\u001b[2mnode_modules/react-dom/cjs/react-dom.development.js\u001b[2m:26808:9\u001b[22m\u001b[2m\u001b[22m\n\u001b[2m      \u001b[2mat flushActQueue (\u001b[22m\u001b[2mnode_modules/react/cjs/react.development.js\u001b[2m:2667:24)\u001b[22m\u001b[2m\u001b[22m\n\u001b[2m      \u001b[2mat act (\u001b[22m\u001b[2mnode_modules/react/cjs/react.development.js\u001b[2m:2582:11)\u001b[22m\u001b[2m\u001b[22m\n\u001b[2m      \u001b[2mat \u001b[22m\u001b[2mnode_modules/@testing-library/react/dist/act-compat.js\u001b[2m:47:25\u001b[22m\u001b[2m\u001b[22m\n\u001b[2m      \u001b[2mat renderRoot (\u001b[22m\u001b[2mnode_modules/@testing-library/react/dist/pure.js\u001b[2m:190:26)\u001b[22m\u001b[2m\u001b[22m\n\u001b[2m      \u001b[2mat render (\u001b[22m\u001b[2mnode_modules/@testing-library/react/dist/pure.js\u001b[2m:292:10)\u001b[22m\u001b[2m\u001b[22m\n\u001b[2m      \u001b[2mat renderHook (\u001b[22m\u001b[2mnode_modules/@testing-library/react/dist/pure.js\u001b[2m:340:7)\u001b[22m\u001b[2m\u001b[22m\n\u001b[2m      \u001b[2mat Object.<anonymous> (\u001b[22m\u001b[2m\u001b[0m\u001b[36msrc/__tests__/hooks/usePerformance.test.tsx\u001b[39m\u001b[0m\u001b[2m:218:15)\u001b[22m\u001b[2m\u001b[22m\n\n\u001b[1m\u001b[31m  \u001b[1m● \u001b[22m\u001b[1musePerformance › should calculate core web vitals score correctly\u001b[39m\u001b[22m\n\n    TypeError: Cannot read properties of undefined (reading 'VITE_ENVIRONMENT')\n\u001b[2m\u001b[22m\n\u001b[2m    \u001b[0m \u001b[90m 16 |\u001b[39m\u001b[22m\n\u001b[2m     \u001b[90m 17 |\u001b[39m   useEffect(() \u001b[33m=>\u001b[39m {\u001b[22m\n\u001b[2m    \u001b[31m\u001b[1m>\u001b[22m\u001b[2m\u001b[39m\u001b[90m 18 |\u001b[39m     \u001b[36mif\u001b[39m (\u001b[33mENV\u001b[39m\u001b[33m.\u001b[39m\u001b[33mVITE_ENVIRONMENT\u001b[39m \u001b[33m!==\u001b[39m \u001b[32m\"production\"\u001b[39m) {\u001b[22m\n\u001b[2m     \u001b[90m    |\u001b[39m             \u001b[31m\u001b[1m^\u001b[22m\u001b[2m\u001b[39m\u001b[22m\n\u001b[2m     \u001b[90m 19 |\u001b[39m       \u001b[36mreturn\u001b[39m\u001b[33m;\u001b[39m\u001b[22m\n\u001b[2m     \u001b[90m 20 |\u001b[39m     }\u001b[22m\n\u001b[2m     \u001b[90m 21 |\u001b[39m\u001b[0m\u001b[22m\n\u001b[2m\u001b[22m\n\u001b[2m      \u001b[2mat \u001b[22m\u001b[2msrc/hooks/usePerformance.ts\u001b[2m:18:13\u001b[22m\u001b[2m\u001b[22m\n\u001b[2m      \u001b[2mat commitHookEffectListMount (\u001b[22m\u001b[2mnode_modules/react-dom/cjs/react-dom.development.js\u001b[2m:23189:26)\u001b[22m\u001b[2m\u001b[22m\n\u001b[2m      \u001b[2mat commitPassiveMountOnFiber (\u001b[22m\u001b[2mnode_modules/react-dom/cjs/react-dom.development.js\u001b[2m:24970:11)\u001b[22m\u001b[2m\u001b[22m\n\u001b[2m      \u001b[2mat commitPassiveMountEffects_complete (\u001b[22m\u001b[2mnode_modules/react-dom/cjs/react-dom.development.js\u001b[2m:24930:9)\u001b[22m\u001b[2m\u001b[22m\n\u001b[2m      \u001b[2mat commitPassiveMountEffects_begin (\u001b[22m\u001b[2mnode_modules/react-dom/cjs/react-dom.development.js\u001b[2m:24917:7)\u001b[22m\u001b[2m\u001b[22m\n\u001b[2m      \u001b[2mat commitPassiveMountEffects (\u001b[22m\u001b[2mnode_modules/react-dom/cjs/react-dom.development.js\u001b[2m:24905:3)\u001b[22m\u001b[2m\u001b[22m\n\u001b[2m      \u001b[2mat flushPassiveEffectsImpl (\u001b[22m\u001b[2mnode_modules/react-dom/cjs/react-dom.development.js\u001b[2m:27078:3)\u001b[22m\u001b[2m\u001b[22m\n\u001b[2m      \u001b[2mat flushPassiveEffects (\u001b[22m\u001b[2mnode_modules/react-dom/cjs/react-dom.development.js\u001b[2m:27023:14)\u001b[22m\u001b[2m\u001b[22m\n\u001b[2m      \u001b[2mat \u001b[22m\u001b[2mnode_modules/react-dom/cjs/react-dom.development.js\u001b[2m:26808:9\u001b[22m\u001b[2m\u001b[22m\n\u001b[2m      \u001b[2mat flushActQueue (\u001b[22m\u001b[2mnode_modules/react/cjs/react.development.js\u001b[2m:2667:24)\u001b[22m\u001b[2m\u001b[22m\n\u001b[2m      \u001b[2mat act (\u001b[22m\u001b[2mnode_modules/react/cjs/react.development.js\u001b[2m:2582:11)\u001b[22m\u001b[2m\u001b[22m\n\u001b[2m      \u001b[2mat \u001b[22m\u001b[2mnode_modules/@testing-library/react/dist/act-compat.js\u001b[2m:47:25\u001b[22m\u001b[2m\u001b[22m\n\u001b[2m      \u001b[2mat renderRoot (\u001b[22m\u001b[2mnode_modules/@testing-library/react/dist/pure.js\u001b[2m:190:26)\u001b[22m\u001b[2m\u001b[22m\n\u001b[2m      \u001b[2mat render (\u001b[22m\u001b[2mnode_modules/@testing-library/react/dist/pure.js\u001b[2m:292:10)\u001b[22m\u001b[2m\u001b[22m\n\u001b[2m      \u001b[2mat renderHook (\u001b[22m\u001b[2mnode_modules/@testing-library/react/dist/pure.js\u001b[2m:340:7)\u001b[22m\u001b[2m\u001b[22m\n\u001b[2m      \u001b[2mat Object.<anonymous> (\u001b[22m\u001b[2m\u001b[0m\u001b[36msrc/__tests__/hooks/usePerformance.test.tsx\u001b[39m\u001b[0m\u001b[2m:228:34)\u001b[22m\u001b[2m\u001b[22m\n\n\u001b[1m\u001b[31m  \u001b[1m● \u001b[22m\u001b[1musePerformance › should return null score when metrics are missing\u001b[39m\u001b[22m\n\n    TypeError: Cannot read properties of undefined (reading 'VITE_ENVIRONMENT')\n\u001b[2m\u001b[22m\n\u001b[2m    \u001b[0m \u001b[90m 16 |\u001b[39m\u001b[22m\n\u001b[2m     \u001b[90m 17 |\u001b[39m   useEffect(() \u001b[33m=>\u001b[39m {\u001b[22m\n\u001b[2m    \u001b[31m\u001b[1m>\u001b[22m\u001b[2m\u001b[39m\u001b[90m 18 |\u001b[39m     \u001b[36mif\u001b[39m (\u001b[33mENV\u001b[39m\u001b[33m.\u001b[39m\u001b[33mVITE_ENVIRONMENT\u001b[39m \u001b[33m!==\u001b[39m \u001b[32m\"production\"\u001b[39m) {\u001b[22m\n\u001b[2m     \u001b[90m    |\u001b[39m             \u001b[31m\u001b[1m^\u001b[22m\u001b[2m\u001b[39m\u001b[22m\n\u001b[2m     \u001b[90m 19 |\u001b[39m       \u001b[36mreturn\u001b[39m\u001b[33m;\u001b[39m\u001b[22m\n\u001b[2m     \u001b[90m 20 |\u001b[39m     }\u001b[22m\n\u001b[2m     \u001b[90m 21 |\u001b[39m\u001b[0m\u001b[22m\n\u001b[2m\u001b[22m\n\u001b[2m      \u001b[2mat \u001b[22m\u001b[2msrc/hooks/usePerformance.ts\u001b[2m:18:13\u001b[22m\u001b[2m\u001b[22m\n\u001b[2m      \u001b[2mat commitHookEffectListMount (\u001b[22m\u001b[2mnode_modules/react-dom/cjs/react-dom.development.js\u001b[2m:23189:26)\u001b[22m\u001b[2m\u001b[22m\n\u001b[2m      \u001b[2mat commitPassiveMountOnFiber (\u001b[22m\u001b[2mnode_modules/react-dom/cjs/react-dom.development.js\u001b[2m:24970:11)\u001b[22m\u001b[2m\u001b[22m\n\u001b[2m      \u001b[2mat commitPassiveMountEffects_complete (\u001b[22m\u001b[2mnode_modules/react-dom/cjs/react-dom.development.js\u001b[2m:24930:9)\u001b[22m\u001b[2m\u001b[22m\n\u001b[2m      \u001b[2mat commitPassiveMountEffects_begin (\u001b[22m\u001b[2mnode_modules/react-dom/cjs/react-dom.development.js\u001b[2m:24917:7)\u001b[22m\u001b[2m\u001b[22m\n\u001b[2m      \u001b[2mat commitPassiveMountEffects (\u001b[22m\u001b[2mnode_modules/react-dom/cjs/react-dom.development.js\u001b[2m:24905:3)\u001b[22m\u001b[2m\u001b[22m\n\u001b[2m      \u001b[2mat flushPassiveEffectsImpl (\u001b[22m\u001b[2mnode_modules/react-dom/cjs/react-dom.development.js\u001b[2m:27078:3)\u001b[22m\u001b[2m\u001b[22m\n\u001b[2m      \u001b[2mat flushPassiveEffects (\u001b[22m\u001b[2mnode_modules/react-dom/cjs/react-dom.development.js\u001b[2m:27023:14)\u001b[22m\u001b[2m\u001b[22m\n\u001b[2m      \u001b[2mat \u001b[22m\u001b[2mnode_modules/react-dom/cjs/react-dom.development.js\u001b[2m:26808:9\u001b[22m\u001b[2m\u001b[22m\n\u001b[2m      \u001b[2mat flushActQueue (\u001b[22m\u001b[2mnode_modules/react/cjs/react.development.js\u001b[2m:2667:24)\u001b[22m\u001b[2m\u001b[22m\n\u001b[2m      \u001b[2mat act (\u001b[22m\u001b[2mnode_modules/react/cjs/react.development.js\u001b[2m:2582:11)\u001b[22m\u001b[2m\u001b[22m\n\u001b[2m      \u001b[2mat \u001b[22m\u001b[2mnode_modules/@testing-library/react/dist/act-compat.js\u001b[2m:47:25\u001b[22m\u001b[2m\u001b[22m\n\u001b[2m      \u001b[2mat renderRoot (\u001b[22m\u001b[2mnode_modules/@testing-library/react/dist/pure.js\u001b[2m:190:26)\u001b[22m\u001b[2m\u001b[22m\n\u001b[2m      \u001b[2mat render (\u001b[22m\u001b[2mnode_modules/@testing-library/react/dist/pure.js\u001b[2m:292:10)\u001b[22m\u001b[2m\u001b[22m\n\u001b[2m      \u001b[2mat renderHook (\u001b[22m\u001b[2mnode_modules/@testing-library/react/dist/pure.js\u001b[2m:340:7)\u001b[22m\u001b[2m\u001b[22m\n\u001b[2m      \u001b[2mat Object.<anonymous> (\u001b[22m\u001b[2m\u001b[0m\u001b[36msrc/__tests__/hooks/usePerformance.test.tsx\u001b[39m\u001b[0m\u001b[2m:259:34)\u001b[22m\u001b[2m\u001b[22m\n\n\u001b[1m\u001b[31m  \u001b[1m● \u001b[22m\u001b[1musePerformance › should cleanup event listeners on unmount\u001b[39m\u001b[22m\n\n    TypeError: Cannot read properties of undefined (reading 'VITE_ENVIRONMENT')\n\u001b[2m\u001b[22m\n\u001b[2m    \u001b[0m \u001b[90m 16 |\u001b[39m\u001b[22m\n\u001b[2m     \u001b[90m 17 |\u001b[39m   useEffect(() \u001b[33m=>\u001b[39m {\u001b[22m\n\u001b[2m    \u001b[31m\u001b[1m>\u001b[22m\u001b[2m\u001b[39m\u001b[90m 18 |\u001b[39m     \u001b[36mif\u001b[39m (\u001b[33mENV\u001b[39m\u001b[33m.\u001b[39m\u001b[33mVITE_ENVIRONMENT\u001b[39m \u001b[33m!==\u001b[39m \u001b[32m\"production\"\u001b[39m) {\u001b[22m\n\u001b[2m     \u001b[90m    |\u001b[39m             \u001b[31m\u001b[1m^\u001b[22m\u001b[2m\u001b[39m\u001b[22m\n\u001b[2m     \u001b[90m 19 |\u001b[39m       \u001b[36mreturn\u001b[39m\u001b[33m;\u001b[39m\u001b[22m\n\u001b[2m     \u001b[90m 20 |\u001b[39m     }\u001b[22m\n\u001b[2m     \u001b[90m 21 |\u001b[39m\u001b[0m\u001b[22m\n\u001b[2m\u001b[22m\n\u001b[2m      \u001b[2mat \u001b[22m\u001b[2msrc/hooks/usePerformance.ts\u001b[2m:18:13\u001b[22m\u001b[2m\u001b[22m\n\u001b[2m      \u001b[2mat commitHookEffectListMount (\u001b[22m\u001b[2mnode_modules/react-dom/cjs/react-dom.development.js\u001b[2m:23189:26)\u001b[22m\u001b[2m\u001b[22m\n\u001b[2m      \u001b[2mat commitPassiveMountOnFiber (\u001b[22m\u001b[2mnode_modules/react-dom/cjs/react-dom.development.js\u001b[2m:24970:11)\u001b[22m\u001b[2m\u001b[22m\n\u001b[2m      \u001b[2mat commitPassiveMountEffects_complete (\u001b[22m\u001b[2mnode_modules/react-dom/cjs/react-dom.development.js\u001b[2m:24930:9)\u001b[22m\u001b[2m\u001b[22m\n\u001b[2m      \u001b[2mat commitPassiveMountEffects_begin (\u001b[22m\u001b[2mnode_modules/react-dom/cjs/react-dom.development.js\u001b[2m:24917:7)\u001b[22m\u001b[2m\u001b[22m\n\u001b[2m      \u001b[2mat commitPassiveMountEffects (\u001b[22m\u001b[2mnode_modules/react-dom/cjs/react-dom.development.js\u001b[2m:24905:3)\u001b[22m\u001b[2m\u001b[22m\n\u001b[2m      \u001b[2mat flushPassiveEffectsImpl (\u001b[22m\u001b[2mnode_modules/react-dom/cjs/react-dom.development.js\u001b[2m:27078:3)\u001b[22m\u001b[2m\u001b[22m\n\u001b[2m      \u001b[2mat flushPassiveEffects (\u001b[22m\u001b[2mnode_modules/react-dom/cjs/react-dom.development.js\u001b[2m:27023:14)\u001b[22m\u001b[2m\u001b[22m\n\u001b[2m      \u001b[2mat \u001b[22m\u001b[2mnode_modules/react-dom/cjs/react-dom.development.js\u001b[2m:26808:9\u001b[22m\u001b[2m\u001b[22m\n\u001b[2m      \u001b[2mat flushActQueue (\u001b[22m\u001b[2mnode_modules/react/cjs/react.development.js\u001b[2m:2667:24)\u001b[22m\u001b[2m\u001b[22m\n\u001b[2m      \u001b[2mat act (\u001b[22m\u001b[2mnode_modules/react/cjs/react.development.js\u001b[2m:2582:11)\u001b[22m\u001b[2m\u001b[22m\n\u001b[2m      \u001b[2mat \u001b[22m\u001b[2mnode_modules/@testing-library/react/dist/act-compat.js\u001b[2m:47:25\u001b[22m\u001b[2m\u001b[22m\n\u001b[2m      \u001b[2mat renderRoot (\u001b[22m\u001b[2mnode_modules/@testing-library/react/dist/pure.js\u001b[2m:190:26)\u001b[22m\u001b[2m\u001b[22m\n\u001b[2m      \u001b[2mat render (\u001b[22m\u001b[2mnode_modules/@testing-library/react/dist/pure.js\u001b[2m:292:10)\u001b[22m\u001b[2m\u001b[22m\n\u001b[2m      \u001b[2mat renderHook (\u001b[22m\u001b[2mnode_modules/@testing-library/react/dist/pure.js\u001b[2m:340:7)\u001b[22m\u001b[2m\u001b[22m\n\u001b[2m      \u001b[2mat Object.<anonymous> (\u001b[22m\u001b[2m\u001b[0m\u001b[36msrc/__tests__/hooks/usePerformance.test.tsx\u001b[39m\u001b[0m\u001b[2m:274:35)\u001b[22m\u001b[2m\u001b[22m\n",
      "name": "/home/xteme/projetos/Xperience/src/__tests__/hooks/usePerformance.test.tsx",
      "startTime": 1757376307330,
      "status": "failed",
      "summary": ""
    },
    {
      "assertionResults": [
        {
          "ancestorTitles": ["useFaucetJettonContract"],
          "duration": 25,
          "failureDetails": [],
          "failureMessages": [],
          "fullName": "useFaucetJettonContract should initialize faucet jetton contract",
          "invocations": 1,
          "location": null,
          "numPassingAsserts": 2,
          "retryReasons": [],
          "status": "passed",
          "title": "should initialize faucet jetton contract"
        },
        {
          "ancestorTitles": ["useFaucetJettonContract"],
          "duration": 15,
          "failureDetails": [],
          "failureMessages": [],
          "fullName": "useFaucetJettonContract should handle inactive faucet contract state",
          "invocations": 1,
          "location": null,
          "numPassingAsserts": 1,
          "retryReasons": [],
          "status": "passed",
          "title": "should handle inactive faucet contract state"
        },
        {
          "ancestorTitles": ["useFaucetJettonContract"],
          "duration": 5,
          "failureDetails": [],
          "failureMessages": [],
          "fullName": "useFaucetJettonContract should initialize jetton wallet contract",
          "invocations": 1,
          "location": null,
          "numPassingAsserts": 2,
          "retryReasons": [],
          "status": "passed",
          "title": "should initialize jetton wallet contract"
        },
        {
          "ancestorTitles": ["useFaucetJettonContract"],
          "duration": 8,
          "failureDetails": [],
          "failureMessages": [],
          "fullName": "useFaucetJettonContract should handle inactive jetton wallet contract state",
          "invocations": 1,
          "location": null,
          "numPassingAsserts": 2,
          "retryReasons": [],
          "status": "passed",
          "title": "should handle inactive jetton wallet contract state"
        },
        {
          "ancestorTitles": ["useFaucetJettonContract"],
          "duration": 4,
          "failureDetails": [],
          "failureMessages": [],
          "fullName": "useFaucetJettonContract should handle empty balance in jetton wallet contract",
          "invocations": 1,
          "location": null,
          "numPassingAsserts": 2,
          "retryReasons": [],
          "status": "passed",
          "title": "should handle empty balance in jetton wallet contract"
        },
        {
          "ancestorTitles": ["useFaucetJettonContract"],
          "duration": 5,
          "failureDetails": [],
          "failureMessages": [],
          "fullName": "useFaucetJettonContract should not initialize jetton wallet contract when faucet contract is not available",
          "invocations": 1,
          "location": null,
          "numPassingAsserts": 1,
          "retryReasons": [],
          "status": "passed",
          "title": "should not initialize jetton wallet contract when faucet contract is not available"
        },
        {
          "ancestorTitles": ["useFaucetJettonContract"],
          "duration": 6,
          "failureDetails": [],
          "failureMessages": [],
          "fullName": "useFaucetJettonContract should not initialize jetton wallet contract when client is not available",
          "invocations": 1,
          "location": null,
          "numPassingAsserts": 1,
          "retryReasons": [],
          "status": "passed",
          "title": "should not initialize jetton wallet contract when client is not available"
        },
        {
          "ancestorTitles": ["useFaucetJettonContract"],
          "duration": 4,
          "failureDetails": [],
          "failureMessages": [],
          "fullName": "useFaucetJettonContract should return null balance when fetching",
          "invocations": 1,
          "location": null,
          "numPassingAsserts": 1,
          "retryReasons": [],
          "status": "passed",
          "title": "should return null balance when fetching"
        },
        {
          "ancestorTitles": ["useFaucetJettonContract"],
          "duration": 3,
          "failureDetails": [],
          "failureMessages": [],
          "fullName": "useFaucetJettonContract should return balance when available",
          "invocations": 1,
          "location": null,
          "numPassingAsserts": 1,
          "retryReasons": [],
          "status": "passed",
          "title": "should return balance when available"
        },
        {
          "ancestorTitles": ["useFaucetJettonContract"],
          "duration": 5,
          "failureDetails": [],
          "failureMessages": [],
          "fullName": "useFaucetJettonContract should mint tokens",
          "invocations": 1,
          "location": null,
          "numPassingAsserts": 1,
          "retryReasons": [],
          "status": "passed",
          "title": "should mint tokens"
        },
        {
          "ancestorTitles": ["useFaucetJettonContract"],
          "duration": 11,
          "failureDetails": [],
          "failureMessages": [],
          "fullName": "useFaucetJettonContract should not mint tokens when contract is not initialized",
          "invocations": 1,
          "location": null,
          "numPassingAsserts": 1,
          "retryReasons": [],
          "status": "passed",
          "title": "should not mint tokens when contract is not initialized"
        }
      ],
      "endTime": 1757376308702,
      "message": "",
      "name": "/home/xteme/projetos/Xperience/src/__tests__/hooks/useFaucetJettonContract.test.ts",
      "startTime": 1757376308190,
      "status": "passed",
      "summary": ""
    },
    {
      "assertionResults": [
        {
          "ancestorTitles": ["PaymentMethodSelector"],
          "duration": 39,
          "failureDetails": [],
          "failureMessages": [],
          "fullName": "PaymentMethodSelector should render all payment methods",
          "invocations": 1,
          "location": null,
          "numPassingAsserts": 3,
          "retryReasons": [],
          "status": "passed",
          "title": "should render all payment methods"
        },
        {
          "ancestorTitles": ["PaymentMethodSelector"],
          "duration": 34,
          "failureDetails": [],
          "failureMessages": [],
          "fullName": "PaymentMethodSelector should display correct prices for each method",
          "invocations": 1,
          "location": null,
          "numPassingAsserts": 3,
          "retryReasons": [],
          "status": "passed",
          "title": "should display correct prices for each method"
        },
        {
          "ancestorTitles": ["PaymentMethodSelector"],
          "duration": 14,
          "failureDetails": [],
          "failureMessages": [],
          "fullName": "PaymentMethodSelector should show discount badges for bitcoin and usdt",
          "invocations": 1,
          "location": null,
          "numPassingAsserts": 2,
          "retryReasons": [],
          "status": "passed",
          "title": "should show discount badges for bitcoin and usdt"
[...]
          "duration": 14,
          "failureDetails": [],
          "failureMessages": [],
          "fullName": "PaymentMethodSelector should call onChange when payment method is clicked",
          "invocations": 1,
          "location": null,
          "numPassingAsserts": 1,
          "retryReasons": [],
          "status": "passed",
          "title": "should call onChange when payment method is clicked"
        },
        {
          "ancestorTitles": ["PaymentMethodSelector"],
          "duration": 13,
          "failureDetails": [],
          "failureMessages": [],
          "fullName": "PaymentMethodSelector should not call onChange when disabled",
          "invocations": 1,
          "location": null,
          "numPassingAsserts": 1,
          "retryReasons": [],
          "status": "passed",
          "title": "should not call onChange when disabled"
        },
        {
          "ancestorTitles": ["PaymentMethodSelector"],
          "duration": 20,
          "failureDetails": [],
          "failureMessages": [],
          "fullName": "PaymentMethodSelector should show additional information for selected method",
          "invocations": 1,
          "location": null,
          "numPassingAsserts": 2,
          "retryReasons": [],
          "status": "passed",
          "title": "should show additional information for selected method"
        },
        {
          "ancestorTitles": ["PaymentMethodSelector"],
          "duration": 13,
          "failureDetails": [],
          "failureMessages": [],
          "fullName": "PaymentMethodSelector should show bitcoin specific information when bitcoin is selected",
          "invocations": 1,
          "location": null,
          "numPassingAsserts": 2,
          "retryReasons": [],
          "status": "passed",
          "title": "should show bitcoin specific information when bitcoin is selected"
        },
        {
          "ancestorTitles": ["PaymentMethodSelector"],
          "duration": 11,
          "failureDetails": [],
          "failureMessages": [],
          "fullName": "PaymentMethodSelector should show usdt specific information when usdt is selected",
          "invocations": 1,
          "location": null,
          "numPassingAsserts": 2,
          "retryReasons": [],
          "status": "passed",
          "title": "should show usdt specific information when usdt is selected"
        },
        {
          "ancestorTitles": ["PaymentMethodSelector"],
          "duration": 12,
          "failureDetails": [],
          "failureMessages": [],
          "fullName": "PaymentMethodSelector should display security information",
          "invocations": 1,
          "location": null,
          "numPassingAsserts": 2,
          "retryReasons": [],
          "status": "passed",
          "title": "should display security information"
        },
        {
          "ancestorTitles": ["PaymentMethodSelector"],
          "duration": 16,
          "failureDetails": [],
          "failureMessages": [],
          "fullName": "PaymentMethodSelector should show features for each payment method",
          "invocations": 1,
          "location": null,
          "numPassingAsserts": 9,
          "retryReasons": [],
          "status": "passed",
          "title": "should show features for each payment method"
        },
        {
          "ancestorTitles": ["PaymentMethodSelector"],
          "duration": 11,
          "failureDetails": [],
          "failureMessages": [],
          "fullName": "PaymentMethodSelector should apply disabled styles when disabled",
          "invocations": 1,
          "location": null,
          "numPassingAsserts": 2,
          "retryReasons": [],
          "status": "passed",
          "title": "should apply disabled styles when disabled"
        }
      ],
      "endTime": 1757376309030,
      "message": "",
      "name": "/home/xteme/projetos/Xperience/src/__tests__/components/payments/PaymentMethodSelector.test.tsx",
      "startTime": 1757376308719,
      "status": "passed",
      "summary": ""
    },
    {
      "assertionResults": [
        {
          "ancestorTitles": ["useUserWallet"],
          "duration": 8,
          "failureDetails": [],
          "failureMessages": [],
          "fullName": "useUserWallet should initialize wallet when authenticated",
          "invocations": 1,
          "location": null,
          "numPassingAsserts": 8,
          "retryReasons": [],
          "status": "passed",
          "title": "should initialize wallet when authenticated"
        },
        {
          "ancestorTitles": ["useUserWallet"],
          "duration": 6,
          "failureDetails": [],
          "failureMessages": [],
          "fullName": "useUserWallet should not initialize wallet when not authenticated",
          "invocations": 1,
          "location": null,
          "numPassingAsserts": 5,
          "retryReasons": [],
          "status": "passed",
          "title": "should not initialize wallet when not authenticated"
        },
        {
          "ancestorTitles": ["useUserWallet"],
          "duration": 33,
          "failureDetails": [],
          "failureMessages": [],
          "fullName": "useUserWallet should handle initialization error",
          "invocations": 1,
          "location": null,
          "numPassingAsserts": 3,
          "retryReasons": [],
          "status": "passed",
          "title": "should handle initialization error"
        },
        {
          "ancestorTitles": ["useUserWallet"],
          "duration": 5,
          "failureDetails": [],
          "failureMessages": [],
          "fullName": "useUserWallet should send transaction successfully",
          "invocations": 1,
          "location": null,
          "numPassingAsserts": 7,
          "retryReasons": [],
          "status": "passed",
          "title": "should send transaction successfully"
        },
        {
          "ancestorTitles": ["useUserWallet"],
          "duration": 15,
          "failureDetails": [],
          "failureMessages": [],
          "fullName": "useUserWallet should handle transaction error",
          "invocations": 1,
          "location": null,
          "numPassingAsserts": 3,
          "retryReasons": [],
          "status": "passed",
          "title": "should handle transaction error"
        },
        {
          "ancestorTitles": ["useUserWallet"],
          "duration": 6,
          "failureDetails": [],
          "failureMessages": [],
          "fullName": "useUserWallet should not send transaction when not authenticated",
          "invocations": 1,
          "location": null,
          "numPassingAsserts": 1,
          "retryReasons": [],
          "status": "passed",
          "title": "should not send transaction when not authenticated"
        },
        {
          "ancestorTitles": ["useUserWallet"],
          "duration": 7,
          "failureDetails": [],
          "failureMessages": [],
          "fullName": "useUserWallet should not send transaction when wallet not found",
          "invocations": 1,
          "location": null,
          "numPassingAsserts": 1,
          "retryReasons": [],
          "status": "passed",
          "title": "should not send transaction when wallet not found"
        },
        {
          "ancestorTitles": ["useUserWallet"],
          "duration": 5,
          "failureDetails": [],
          "failureMessages": [],
          "fullName": "useUserWallet should refresh balance successfully",
          "invocations": 1,
          "location": null,
          "numPassingAsserts": 3,
          "retryReasons": [],
          "status": "passed",
          "title": "should refresh balance successfully"
        },
        {
          "ancestorTitles": ["useUserWallet"],
          "duration": 16,
          "failureDetails": [],
          "failureMessages": [],
          "fullName": "useUserWallet should handle refresh balance error",
          "invocations": 1,
          "location": null,
          "numPassingAsserts": 1,
          "retryReasons": [],
          "status": "passed",
          "title": "should handle refresh balance error"
        },
        {
          "ancestorTitles": ["useUserWallet"],
          "duration": 3,
          "failureDetails": [],
          "failureMessages": [],
          "fullName": "useUserWallet should not refresh balance when not authenticated",
          "invocations": 1,
          "location": null,
          "numPassingAsserts": 1,
          "retryReasons": [],
          "status": "passed",
          "title": "should not refresh balance when not authenticated"
        },
        {
          "ancestorTitles": ["useUserWallet"],
          "duration": 4,
          "failureDetails": [],
          "failureMessages": [],
          "fullName": "useUserWallet should reinitialize wallet when user changes",
          "invocations": 1,
          "location": null,
          "numPassingAsserts": 1,
          "retryReasons": [],
          "status": "passed",
          "title": "should reinitialize wallet when user changes"
        }
      ],
      "endTime": 1757376309238,
      "message": "",
      "name": "/home/xteme/projetos/Xperience/src/__tests__/hooks/useUserWallet.test.ts",
      "startTime": 1757376309044,
      "status": "passed",
      "summary": ""
    },
    {
      "assertionResults": [
        {
          "ancestorTitles": ["useTonClient"],
          "duration": 5,
          "failureDetails": [],
          "failureMessages": [],
          "fullName": "useTonClient should return undefined client when network is not available",
          "invocations": 1,
          "location": null,
          "numPassingAsserts": 3,
          "retryReasons": [],
          "status": "passed",
          "title": "should return undefined client when network is not available"
        },
        {
          "ancestorTitles": ["useTonClient"],
          "duration": 17,
          "failureDetails": [],
          "failureMessages": [],
          "fullName": "useTonClient should initialize client with mainnet endpoint",
          "invocations": 1,
          "location": null,
          "numPassingAsserts": 2,
          "retryReasons": [],
          "status": "passed",
          "title": "should initialize client with mainnet endpoint"
        },
        {
          "ancestorTitles": ["useTonClient"],
          "duration": 4,
          "failureDetails": [],
          "failureMessages": [],
          "fullName": "useTonClient should initialize client with testnet endpoint",
          "invocations": 1,
          "location": null,
          "numPassingAsserts": 2,
          "retryReasons": [],
          "status": "passed",
          "title": "should initialize client with testnet endpoint"
        },
        {
          "ancestorTitles": ["useTonClient"],
          "duration": 4,
          "failureDetails": [],
          "failureMessages": [],
          "fullName": "useTonClient should handle endpoint fetch error",
          "invocations": 1,
          "location": null,
          "numPassingAsserts": 1,
          "retryReasons": [],
          "status": "passed",
          "title": "should handle endpoint fetch error"
        }
      ],
      "endTime": 1757376309442,
      "message": "",
      "name": "/home/xteme/projetos/Xperience/src/__tests__/hooks/useTonClient.test.ts",
      "startTime": 1757376309253,
      "status": "passed",
      "summary": ""
    },
    {
      "assertionResults": [
        {
          "ancestorTitles": [],
          "duration": 2,
          "failureDetails": [],
          "failureMessages": [],
          "fullName": "simple test",
          "invocations": 1,
          "location": null,
          "numPassingAsserts": 1,
          "retryReasons": [],
          "status": "passed",
          "title": "simple test"
        }
      ],
      "endTime": 1757376309520,
      "message": "",
      "name": "/home/xteme/projetos/Xperience/src/__tests__/example.test.ts",
      "startTime": 1757376309453,
      "status": "passed",
      "summary": ""
    },
    {
      "assertionResults": [
        {
          "ancestorTitles": ["useAsyncInitialize"],
          "duration": 11,
          "failureDetails": [],
          "failureMessages": [],
          "fullName": "useAsyncInitialize should initialize with undefined",
          "invocations": 1,
          "location": null,
          "numPassingAsserts": 1,
          "retryReasons": [],
          "status": "passed",
          "title": "should initialize with undefined"
        },
        {
          "ancestorTitles": ["useAsyncInitialize"],
          "duration": 4,
          "failureDetails": [],
          "failureMessages": [],
          "fullName": "useAsyncInitialize should set state after async function resolves",
          "invocations": 1,
          "location": null,
          "numPassingAsserts": 2,
          "retryReasons": [],
          "status": "passed",
          "title": "should set state after async function resolves"
        },
        {
          "ancestorTitles": ["useAsyncInitialize"],
          "duration": 11,
          "failureDetails": [],
          "failureMessages": [],
          "fullName": "useAsyncInitialize should re-run when dependencies change",
          "invocations": 1,
          "location": null,
          "numPassingAsserts": 3,
          "retryReasons": [],
          "status": "passed",
          "title": "should re-run when dependencies change"
        },
        {
          "ancestorTitles": ["useAsyncInitialize"],
          "duration": 2,
          "failureDetails": [],
          "failureMessages": [],
          "fullName": "useAsyncInitialize should handle async function rejection",
          "invocations": 1,
          "location": null,
          "numPassingAsserts": 1,
          "retryReasons": [],
          "status": "passed",
          "title": "should handle async function rejection"
        },
        {
          "ancestorTitles": ["useAsyncInitialize"],
          "duration": 3,
          "failureDetails": [],
          "failureMessages": [],
          "fullName": "useAsyncInitialize should use empty dependency array by default",
          "invocations": 1,
          "location": null,
          "numPassingAsserts": 3,
          "retryReasons": [],
          "status": "passed",
          "title": "should use empty dependency array by default"
        }
      ],
      "endTime": 1757376309665,
      "message": "",
      "name": "/home/xteme/projetos/Xperience/src/__tests__/hooks/useAsyncInitialize.test.ts",
      "startTime": 1757376309539,
      "status": "passed",
      "summary": ""
    },
    {
      "assertionResults": [
        {
          "ancestorTitles": ["App component"],
          "duration": 1,
          "failureDetails": [],
          "failureMessages": [],
          "fullName": "App component renders without crashing",
          "invocations": 1,
          "location": null,
          "numPassingAsserts": 0,
          "retryReasons": [],
          "status": "passed",
          "title": "renders without crashing"
        }
      ],
      "endTime": 1757376309744,
      "message": "",
      "name": "/home/xteme/projetos/Xperience/src/__tests__/App.test.tsx",
      "startTime": 1757376309681,
      "status": "passed",
      "summary": ""
    },
    {
      "assertionResults": [
        {
          "ancestorTitles": ["Sitemap Utils", "sitemapRoutes"],
          "duration": 2,
          "failureDetails": [],
          "failureMessages": [],
          "fullName": "Sitemap Utils sitemapRoutes should contain all required routes",
          "invocations": 1,
          "location": null,
          "numPassingAsserts": 1,
          "retryReasons": [],
          "status": "passed",
          "title": "should contain all required routes"
        },
        {
          "ancestorTitles": ["Sitemap Utils", "sitemapRoutes"],
          "duration": 2,
          "failureDetails": [],
          "failureMessages": [],
          "fullName": "Sitemap Utils sitemapRoutes should have valid priorities for all routes",
          "invocations": 1,
          "location": null,
          "numPassingAsserts": 12,
          "retryReasons": [],
          "status": "passed",
          "title": "should have valid priorities for all routes"
        },
        {
          "ancestorTitles": ["Sitemap Utils", "sitemapRoutes"],
          "duration": 1,
          "failureDetails": [],
          "failureMessages": [],
          "fullName": "Sitemap Utils sitemapRoutes should have valid changefreq values",
          "invocations": 1,
          "location": null,
          "numPassingAsserts": 6,
          "retryReasons": [],
          "status": "passed",
          "title": "should have valid changefreq values"
        },
        {
          "ancestorTitles": ["Sitemap Utils", "sitemapRoutes"],
          "duration": 2,
          "failureDetails": [],
          "failureMessages": [],
          "fullName": "Sitemap Utils sitemapRoutes should have lastmod dates for all routes",
          "invocations": 1,
          "location": null,
          "numPassingAsserts": 12,
          "retryReasons": [],
          "status": "passed",
          "title": "should have lastmod dates for all routes"
        },
        {
          "ancestorTitles": ["Sitemap Utils", "generateSitemap"],
          "duration": 7,
          "failureDetails": [],
          "failureMessages": [],
          "fullName": "Sitemap Utils generateSitemap should generate valid XML with default base URL",
          "invocations": 1,
          "location": null,
          "numPassingAsserts": 21,
          "retryReasons": [],
          "status": "passed",
          "title": "should generate valid XML with default base URL"
        },
        {
          "ancestorTitles": ["Sitemap Utils", "generateSitemap"],
          "duration": 3,
          "failureDetails": [],
          "failureMessages": [],
          "fullName": "Sitemap Utils generateSitemap should handle routes without lastmod",
          "invocations": 1,
          "location": null,
          "numPassingAsserts": 4,
          "retryReasons": [],
          "status": "passed",
          "title": "should handle routes without lastmod"
        },
        {
          "ancestorTitles": ["Sitemap Utils", "generateSitemap"],
          "duration": 10,
          "failureDetails": [],
          "failureMessages": [],
          "fullName": "Sitemap Utils generateSitemap should use custom base URL when provided",
          "invocations": 1,
          "location": null,
          "numPassingAsserts": 6,
          "retryReasons": [],
          "status": "passed",
          "title": "should use custom base URL when provided"
        },
        {
          "ancestorTitles": ["Sitemap Utils", "generateSitemapFile"],
          "duration": 4,
          "failureDetails": [],
          "failureMessages": [],
          "fullName": "Sitemap Utils generateSitemapFile should log sitemap in browser environment",
          "invocations": 1,
          "location": null,
          "numPassingAsserts": 1,
          "retryReasons": [],
          "status": "passed",
          "title": "should log sitemap in browser environment"
        },
        {
          "ancestorTitles": ["Sitemap Utils", "generateSitemapFile"],
          "duration": 2,
          "failureDetails": [],
          "failureMessages": [],
          "fullName": "Sitemap Utils generateSitemapFile should resolve the promise",
          "invocations": 1,
          "location": null,
          "numPassingAsserts": 1,
          "retryReasons": [],
          "status": "passed",
          "title": "should resolve the promise"
        }
      ],
      "endTime": 1757376309858,
      "message": "",
      "name": "/home/xteme/projetos/Xperience/src/__tests__/utils/sitemap.test.ts",
      "startTime": 1757376309761,
      "status": "passed",
      "summary": ""
    }
  ],
  "wasInterrupted": false
}
